<?xml version="1.0" encoding="UTF-8"?>
<testsuite xmlns:xsi="http://www.w3.org/2001/XMLSchema-instance" xsi:noNamespaceSchemaLocation="https://maven.apache.org/surefire/maven-surefire-plugin/xsd/surefire-test-report-3.0.xsd" version="3.0" name="org.acme.patient.onboarding.PatientOnboardingTest" time="0.546" tests="1" errors="1" skipped="0" failures="0">
  <properties>
    <property name="java.specification.version" value="19"/>
    <property name="sun.jnu.encoding" value="UTF-8"/>
    <property name="java.class.path" value="/Users/sowmya.ganesh/Desktop/Project/temporal-patient-onboarding/onboarding-app/target/test-classes:/Users/sowmya.ganesh/Desktop/Project/temporal-patient-onboarding/onboarding-app/target/classes:/Users/sowmya.ganesh/.m2/repository/io/quarkus/quarkus-rest-client/2.4.1.Final/quarkus-rest-client-2.4.1.Final.jar:/Users/sowmya.ganesh/.m2/repository/io/quarkus/quarkus-core/2.4.1.Final/quarkus-core-2.4.1.Final.jar:/Users/sowmya.ganesh/.m2/repository/jakarta/enterprise/jakarta.enterprise.cdi-api/2.0.2/jakarta.enterprise.cdi-api-2.0.2.jar:/Users/sowmya.ganesh/.m2/repository/jakarta/el/jakarta.el-api/3.0.3/jakarta.el-api-3.0.3.jar:/Users/sowmya.ganesh/.m2/repository/jakarta/inject/jakarta.inject-api/1.0/jakarta.inject-api-1.0.jar:/Users/sowmya.ganesh/.m2/repository/io/quarkus/quarkus-ide-launcher/2.4.1.Final/quarkus-ide-launcher-2.4.1.Final.jar:/Users/sowmya.ganesh/.m2/repository/io/quarkus/quarkus-development-mode-spi/2.4.1.Final/quarkus-development-mode-spi-2.4.1.Final.jar:/Users/sowmya.ganesh/.m2/repository/io/smallrye/config/smallrye-config/2.5.1/smallrye-config-2.5.1.jar:/Users/sowmya.ganesh/.m2/repository/io/smallrye/config/smallrye-config-core/2.5.1/smallrye-config-core-2.5.1.jar:/Users/sowmya.ganesh/.m2/repository/io/smallrye/common/smallrye-common-expression/1.6.0/smallrye-common-expression-1.6.0.jar:/Users/sowmya.ganesh/.m2/repository/io/smallrye/common/smallrye-common-function/1.6.0/smallrye-common-function-1.6.0.jar:/Users/sowmya.ganesh/.m2/repository/io/smallrye/common/smallrye-common-constraint/1.6.0/smallrye-common-constraint-1.6.0.jar:/Users/sowmya.ganesh/.m2/repository/io/smallrye/common/smallrye-common-classloader/1.6.0/smallrye-common-classloader-1.6.0.jar:/Users/sowmya.ganesh/.m2/repository/io/smallrye/config/smallrye-config-common/2.5.1/smallrye-config-common-2.5.1.jar:/Users/sowmya.ganesh/.m2/repository/org/jboss/logging/jboss-logging/3.4.2.Final/jboss-logging-3.4.2.Final.jar:/Users/sowmya.ganesh/.m2/repository/org/jboss/logmanager/jboss-logmanager-embedded/1.0.9/jboss-logmanager-embedded-1.0.9.jar:/Users/sowmya.ganesh/.m2/repository/org/jboss/logging/jboss-logging-annotations/2.2.1.Final/jboss-logging-annotations-2.2.1.Final.jar:/Users/sowmya.ganesh/.m2/repository/org/jboss/threads/jboss-threads/3.4.2.Final/jboss-threads-3.4.2.Final.jar:/Users/sowmya.ganesh/.m2/repository/org/slf4j/slf4j-api/1.7.30/slf4j-api-1.7.30.jar:/Users/sowmya.ganesh/.m2/repository/org/jboss/slf4j/slf4j-jboss-logmanager/1.1.0.Final/slf4j-jboss-logmanager-1.1.0.Final.jar:/Users/sowmya.ganesh/.m2/repository/org/graalvm/sdk/graal-sdk/21.2.0/graal-sdk-21.2.0.jar:/Users/sowmya.ganesh/.m2/repository/org/wildfly/common/wildfly-common/1.5.4.Final-format-001/wildfly-common-1.5.4.Final-format-001.jar:/Users/sowmya.ganesh/.m2/repository/io/quarkus/quarkus-bootstrap-runner/2.4.1.Final/quarkus-bootstrap-runner-2.4.1.Final.jar:/Users/sowmya.ganesh/.m2/repository/io/quarkus/quarkus-resteasy-common/2.4.1.Final/quarkus-resteasy-common-2.4.1.Final.jar:/Users/sowmya.ganesh/.m2/repository/org/jboss/resteasy/resteasy-core/4.7.0.Final/resteasy-core-4.7.0.Final.jar:/Users/sowmya.ganesh/.m2/repository/org/jboss/spec/javax/ws/rs/jboss-jaxrs-api_2.1_spec/2.0.1.Final/jboss-jaxrs-api_2.1_spec-2.0.1.Final.jar:/Users/sowmya.ganesh/.m2/repository/org/jboss/resteasy/resteasy-core-spi/4.7.0.Final/resteasy-core-spi-4.7.0.Final.jar:/Users/sowmya.ganesh/.m2/repository/org/reactivestreams/reactive-streams/1.0.3/reactive-streams-1.0.3.jar:/Users/sowmya.ganesh/.m2/repository/com/ibm/async/asyncutil/0.1.0/asyncutil-0.1.0.jar:/Users/sowmya.ganesh/.m2/repository/com/sun/activation/jakarta.activation/1.2.1/jakarta.activation-1.2.1.jar:/Users/sowmya.ganesh/.m2/repository/io/quarkus/quarkus-apache-httpclient/2.4.1.Final/quarkus-apache-httpclient-2.4.1.Final.jar:/Users/sowmya.ganesh/.m2/repository/io/quarkus/quarkus-rest-client-config/2.4.1.Final/quarkus-rest-client-config-2.4.1.Final.jar:/Users/sowmya.ganesh/.m2/repository/org/eclipse/microprofile/rest/client/microprofile-rest-client-api/2.0/microprofile-rest-client-api-2.0.jar:/Users/sowmya.ganesh/.m2/repository/org/jboss/jandex/2.4.1.Final/jandex-2.4.1.Final.jar:/Users/sowmya.ganesh/.m2/repository/org/jboss/resteasy/resteasy-client-microprofile/4.7.0.Final/resteasy-client-microprofile-4.7.0.Final.jar:/Users/sowmya.ganesh/.m2/repository/org/jboss/resteasy/resteasy-client-microprofile-base/4.7.0.Final/resteasy-client-microprofile-base-4.7.0.Final.jar:/Users/sowmya.ganesh/.m2/repository/org/jboss/resteasy/resteasy-client/4.7.0.Final/resteasy-client-4.7.0.Final.jar:/Users/sowmya.ganesh/.m2/repository/org/jboss/resteasy/resteasy-client-api/4.7.0.Final/resteasy-client-api-4.7.0.Final.jar:/Users/sowmya.ganesh/.m2/repository/org/jboss/resteasy/resteasy-cdi/4.7.0.Final/resteasy-cdi-4.7.0.Final.jar:/Users/sowmya.ganesh/.m2/repository/jakarta/interceptor/jakarta.interceptor-api/1.2.5/jakarta.interceptor-api-1.2.5.jar:/Users/sowmya.ganesh/.m2/repository/org/apache/httpcomponents/httpasyncclient/4.1.4/httpasyncclient-4.1.4.jar:/Users/sowmya.ganesh/.m2/repository/org/apache/httpcomponents/httpcore/4.4.14/httpcore-4.4.14.jar:/Users/sowmya.ganesh/.m2/repository/org/apache/httpcomponents/httpcore-nio/4.4.14/httpcore-nio-4.4.14.jar:/Users/sowmya.ganesh/.m2/repository/org/jboss/logging/commons-logging-jboss-logging/1.0.0.Final/commons-logging-jboss-logging-1.0.0.Final.jar:/Users/sowmya.ganesh/.m2/repository/io/quarkus/quarkus-rest-client-jackson/2.4.1.Final/quarkus-rest-client-jackson-2.4.1.Final.jar:/Users/sowmya.ganesh/.m2/repository/org/jboss/resteasy/resteasy-jackson2-provider/4.7.0.Final/resteasy-jackson2-provider-4.7.0.Final.jar:/Users/sowmya.ganesh/.m2/repository/com/fasterxml/jackson/core/jackson-core/2.12.5/jackson-core-2.12.5.jar:/Users/sowmya.ganesh/.m2/repository/com/fasterxml/jackson/core/jackson-annotations/2.12.5/jackson-annotations-2.12.5.jar:/Users/sowmya.ganesh/.m2/repository/com/fasterxml/jackson/jaxrs/jackson-jaxrs-json-provider/2.12.5/jackson-jaxrs-json-provider-2.12.5.jar:/Users/sowmya.ganesh/.m2/repository/com/fasterxml/jackson/jaxrs/jackson-jaxrs-base/2.12.5/jackson-jaxrs-base-2.12.5.jar:/Users/sowmya.ganesh/.m2/repository/com/fasterxml/jackson/module/jackson-module-jaxb-annotations/2.12.5/jackson-module-jaxb-annotations-2.12.5.jar:/Users/sowmya.ganesh/.m2/repository/com/github/java-json-tools/json-patch/1.13/json-patch-1.13.jar:/Users/sowmya.ganesh/.m2/repository/com/github/java-json-tools/msg-simple/1.2/msg-simple-1.2.jar:/Users/sowmya.ganesh/.m2/repository/com/github/java-json-tools/btf/1.3/btf-1.3.jar:/Users/sowmya.ganesh/.m2/repository/com/github/java-json-tools/jackson-coreutils/2.0/jackson-coreutils-2.0.jar:/Users/sowmya.ganesh/.m2/repository/org/jboss/spec/javax/xml/bind/jboss-jaxb-api_2.3_spec/2.0.0.Final/jboss-jaxb-api_2.3_spec-2.0.0.Final.jar:/Users/sowmya.ganesh/.m2/repository/io/quarkus/quarkus-smallrye-reactive-messaging/2.4.1.Final/quarkus-smallrye-reactive-messaging-2.4.1.Final.jar:/Users/sowmya.ganesh/.m2/repository/io/quarkus/quarkus-mutiny-reactive-streams-operators/2.4.1.Final/quarkus-mutiny-reactive-streams-operators-2.4.1.Final.jar:/Users/sowmya.ganesh/.m2/repository/org/eclipse/microprofile/reactive-streams-operators/microprofile-reactive-streams-operators-api/1.0.1/microprofile-reactive-streams-operators-api-1.0.1.jar:/Users/sowmya.ganesh/.m2/repository/org/eclipse/microprofile/reactive-streams-operators/microprofile-reactive-streams-operators-core/1.0.1/microprofile-reactive-streams-operators-core-1.0.1.jar:/Users/sowmya.ganesh/.m2/repository/io/quarkus/quarkus-mutiny/2.4.1.Final/quarkus-mutiny-2.4.1.Final.jar:/Users/sowmya.ganesh/.m2/repository/io/smallrye/reactive/mutiny-reactive-streams-operators/1.1.2/mutiny-reactive-streams-operators-1.1.2.jar:/Users/sowmya.ganesh/.m2/repository/io/smallrye/reactive/mutiny-smallrye-context-propagation/1.1.2/mutiny-smallrye-context-propagation-1.1.2.jar:/Users/sowmya.ganesh/.m2/repository/io/smallrye/smallrye-context-propagation/1.2.2/smallrye-context-propagation-1.2.2.jar:/Users/sowmya.ganesh/.m2/repository/io/smallrye/smallrye-context-propagation-api/1.2.2/smallrye-context-propagation-api-1.2.2.jar:/Users/sowmya.ganesh/.m2/repository/io/smallrye/smallrye-context-propagation-storage/1.2.2/smallrye-context-propagation-storage-1.2.2.jar:/Users/sowmya.ganesh/.m2/repository/io/quarkus/quarkus-smallrye-context-propagation/2.4.1.Final/quarkus-smallrye-context-propagation-2.4.1.Final.jar:/Users/sowmya.ganesh/.m2/repository/io/quarkus/quarkus-smallrye-reactive-messaging-kotlin/2.4.1.Final/quarkus-smallrye-reactive-messaging-kotlin-2.4.1.Final.jar:/Users/sowmya.ganesh/.m2/repository/io/vertx/vertx-web/4.1.5/vertx-web-4.1.5.jar:/Users/sowmya.ganesh/.m2/repository/io/vertx/vertx-web-common/4.1.5/vertx-web-common-4.1.5.jar:/Users/sowmya.ganesh/.m2/repository/io/vertx/vertx-auth-common/4.1.5/vertx-auth-common-4.1.5.jar:/Users/sowmya.ganesh/.m2/repository/io/vertx/vertx-bridge-common/4.1.5/vertx-bridge-common-4.1.5.jar:/Users/sowmya.ganesh/.m2/repository/io/vertx/vertx-core/4.1.5/vertx-core-4.1.5.jar:/Users/sowmya.ganesh/.m2/repository/io/netty/netty-common/4.1.68.Final/netty-common-4.1.68.Final.jar:/Users/sowmya.ganesh/.m2/repository/io/netty/netty-handler-proxy/4.1.68.Final/netty-handler-proxy-4.1.68.Final.jar:/Users/sowmya.ganesh/.m2/repository/io/netty/netty-codec-socks/4.1.68.Final/netty-codec-socks-4.1.68.Final.jar:/Users/sowmya.ganesh/.m2/repository/io/netty/netty-resolver/4.1.68.Final/netty-resolver-4.1.68.Final.jar:/Users/sowmya.ganesh/.m2/repository/io/netty/netty-resolver-dns/4.1.68.Final/netty-resolver-dns-4.1.68.Final.jar:/Users/sowmya.ganesh/.m2/repository/io/netty/netty-codec-dns/4.1.68.Final/netty-codec-dns-4.1.68.Final.jar:/Users/sowmya.ganesh/.m2/repository/io/smallrye/reactive/smallrye-reactive-messaging-api/3.10.1/smallrye-reactive-messaging-api-3.10.1.jar:/Users/sowmya.ganesh/.m2/repository/io/opentelemetry/opentelemetry-api/1.6.0/opentelemetry-api-1.6.0.jar:/Users/sowmya.ganesh/.m2/repository/io/opentelemetry/opentelemetry-context/1.6.0/opentelemetry-context-1.6.0.jar:/Users/sowmya.ganesh/.m2/repository/io/quarkus/quarkus-vertx/2.4.1.Final/quarkus-vertx-2.4.1.Final.jar:/Users/sowmya.ganesh/.m2/repository/io/quarkus/quarkus-netty/2.4.1.Final/quarkus-netty-2.4.1.Final.jar:/Users/sowmya.ganesh/.m2/repository/io/netty/netty-codec/4.1.68.Final/netty-codec-4.1.68.Final.jar:/Users/sowmya.ganesh/.m2/repository/io/netty/netty-codec-http/4.1.68.Final/netty-codec-http-4.1.68.Final.jar:/Users/sowmya.ganesh/.m2/repository/io/netty/netty-codec-http2/4.1.68.Final/netty-codec-http2-4.1.68.Final.jar:/Users/sowmya.ganesh/.m2/repository/io/netty/netty-handler/4.1.68.Final/netty-handler-4.1.68.Final.jar:/Users/sowmya.ganesh/.m2/repository/io/netty/netty-codec-haproxy/4.1.68.Final/netty-codec-haproxy-4.1.68.Final.jar:/Users/sowmya.ganesh/.m2/repository/io/netty/netty-buffer/4.1.68.Final/netty-buffer-4.1.68.Final.jar:/Users/sowmya.ganesh/.m2/repository/io/netty/netty-transport/4.1.68.Final/netty-transport-4.1.68.Final.jar:/Users/sowmya.ganesh/.m2/repository/io/smallrye/reactive/smallrye-mutiny-vertx-core/2.14.1/smallrye-mutiny-vertx-core-2.14.1.jar:/Users/sowmya.ganesh/.m2/repository/io/smallrye/reactive/smallrye-mutiny-vertx-runtime/2.14.1/smallrye-mutiny-vertx-runtime-2.14.1.jar:/Users/sowmya.ganesh/.m2/repository/io/smallrye/reactive/vertx-mutiny-generator/2.14.1/vertx-mutiny-generator-2.14.1.jar:/Users/sowmya.ganesh/.m2/repository/io/vertx/vertx-codegen/4.1.5/vertx-codegen-4.1.5.jar:/Users/sowmya.ganesh/.m2/repository/io/smallrye/smallrye-fault-tolerance-vertx/5.2.1/smallrye-fault-tolerance-vertx-5.2.1.jar:/Users/sowmya.ganesh/.m2/repository/io/smallrye/reactive/smallrye-reactive-messaging-provider/3.10.1/smallrye-reactive-messaging-provider-3.10.1.jar:/Users/sowmya.ganesh/.m2/repository/io/smallrye/reactive/smallrye-reactive-converter-api/2.6.0/smallrye-reactive-converter-api-2.6.0.jar:/Users/sowmya.ganesh/.m2/repository/io/smallrye/reactive/mutiny/1.1.2/mutiny-1.1.2.jar:/Users/sowmya.ganesh/.m2/repository/io/smallrye/common/smallrye-common-annotation/1.6.0/smallrye-common-annotation-1.6.0.jar:/Users/sowmya.ganesh/.m2/repository/io/smallrye/reactive/smallrye-reactive-messaging-health/3.10.1/smallrye-reactive-messaging-health-3.10.1.jar:/Users/sowmya.ganesh/.m2/repository/org/eclipse/microprofile/health/microprofile-health-api/3.1/microprofile-health-api-3.1.jar:/Users/sowmya.ganesh/.m2/repository/jakarta/annotation/jakarta.annotation-api/1.3.5/jakarta.annotation-api-1.3.5.jar:/Users/sowmya.ganesh/.m2/repository/io/quarkus/quarkus-jackson/2.4.1.Final/quarkus-jackson-2.4.1.Final.jar:/Users/sowmya.ganesh/.m2/repository/com/fasterxml/jackson/core/jackson-databind/2.12.5/jackson-databind-2.12.5.jar:/Users/sowmya.ganesh/.m2/repository/com/fasterxml/jackson/datatype/jackson-datatype-jsr310/2.12.5/jackson-datatype-jsr310-2.12.5.jar:/Users/sowmya.ganesh/.m2/repository/com/fasterxml/jackson/datatype/jackson-datatype-jdk8/2.12.5/jackson-datatype-jdk8-2.12.5.jar:/Users/sowmya.ganesh/.m2/repository/com/fasterxml/jackson/module/jackson-module-parameter-names/2.12.5/jackson-module-parameter-names-2.12.5.jar:/Users/sowmya.ganesh/.m2/repository/io/quarkus/quarkus-resteasy/2.4.1.Final/quarkus-resteasy-2.4.1.Final.jar:/Users/sowmya.ganesh/.m2/repository/io/quarkus/quarkus-vertx-http/2.4.1.Final/quarkus-vertx-http-2.4.1.Final.jar:/Users/sowmya.ganesh/.m2/repository/io/quarkus/quarkus-security-runtime-spi/2.4.1.Final/quarkus-security-runtime-spi-2.4.1.Final.jar:/Users/sowmya.ganesh/.m2/repository/io/quarkus/quarkus-vertx-http-dev-console-runtime-spi/2.4.1.Final/quarkus-vertx-http-dev-console-runtime-spi-2.4.1.Final.jar:/Users/sowmya.ganesh/.m2/repository/io/quarkus/security/quarkus-security/1.1.4.Final/quarkus-security-1.1.4.Final.jar:/Users/sowmya.ganesh/.m2/repository/io/smallrye/reactive/smallrye-mutiny-vertx-web/2.14.1/smallrye-mutiny-vertx-web-2.14.1.jar:/Users/sowmya.ganesh/.m2/repository/io/smallrye/reactive/smallrye-mutiny-vertx-web-common/2.14.1/smallrye-mutiny-vertx-web-common-2.14.1.jar:/Users/sowmya.ganesh/.m2/repository/io/smallrye/reactive/smallrye-mutiny-vertx-auth-common/2.14.1/smallrye-mutiny-vertx-auth-common-2.14.1.jar:/Users/sowmya.ganesh/.m2/repository/io/smallrye/reactive/smallrye-mutiny-vertx-bridge-common/2.14.1/smallrye-mutiny-vertx-bridge-common-2.14.1.jar:/Users/sowmya.ganesh/.m2/repository/io/quarkus/quarkus-resteasy-server-common/2.4.1.Final/quarkus-resteasy-server-common-2.4.1.Final.jar:/Users/sowmya.ganesh/.m2/repository/jakarta/validation/jakarta.validation-api/2.0.2/jakarta.validation-api-2.0.2.jar:/Users/sowmya.ganesh/.m2/repository/io/quarkus/quarkus-resteasy-jackson/2.4.1.Final/quarkus-resteasy-jackson-2.4.1.Final.jar:/Users/sowmya.ganesh/.m2/repository/io/quarkus/quarkus-arc/2.4.1.Final/quarkus-arc-2.4.1.Final.jar:/Users/sowmya.ganesh/.m2/repository/io/quarkus/arc/arc/2.4.1.Final/arc-2.4.1.Final.jar:/Users/sowmya.ganesh/.m2/repository/jakarta/transaction/jakarta.transaction-api/1.3.3/jakarta.transaction-api-1.3.3.jar:/Users/sowmya.ganesh/.m2/repository/org/eclipse/microprofile/context-propagation/microprofile-context-propagation-api/1.2/microprofile-context-propagation-api-1.2.jar:/Users/sowmya.ganesh/.m2/repository/org/apache/maven/plugins/maven-shade-plugin/3.2.4/maven-shade-plugin-3.2.4.jar:/Users/sowmya.ganesh/.m2/repository/org/apache/maven/maven-plugin-api/3.8.1/maven-plugin-api-3.8.1.jar:/Users/sowmya.ganesh/.m2/repository/org/eclipse/sisu/org.eclipse.sisu.plexus/0.3.4/org.eclipse.sisu.plexus-0.3.4.jar:/Users/sowmya.ganesh/.m2/repository/org/codehaus/plexus/plexus-classworlds/2.6.0/plexus-classworlds-2.6.0.jar:/Users/sowmya.ganesh/.m2/repository/org/apache/maven/maven-model/3.8.1/maven-model-3.8.1.jar:/Users/sowmya.ganesh/.m2/repository/org/apache/maven/maven-core/3.8.1/maven-core-3.8.1.jar:/Users/sowmya.ganesh/.m2/repository/org/apache/maven/maven-settings/3.8.1/maven-settings-3.8.1.jar:/Users/sowmya.ganesh/.m2/repository/org/apache/maven/maven-settings-builder/3.8.1/maven-settings-builder-3.8.1.jar:/Users/sowmya.ganesh/.m2/repository/org/codehaus/plexus/plexus-interpolation/1.25/plexus-interpolation-1.25.jar:/Users/sowmya.ganesh/.m2/repository/org/sonatype/plexus/plexus-sec-dispatcher/1.4/plexus-sec-dispatcher-1.4.jar:/Users/sowmya.ganesh/.m2/repository/org/sonatype/plexus/plexus-cipher/1.4/plexus-cipher-1.4.jar:/Users/sowmya.ganesh/.m2/repository/org/apache/maven/maven-builder-support/3.8.1/maven-builder-support-3.8.1.jar:/Users/sowmya.ganesh/.m2/repository/org/apache/maven/maven-repository-metadata/3.8.1/maven-repository-metadata-3.8.1.jar:/Users/sowmya.ganesh/.m2/repository/org/apache/maven/maven-model-builder/3.8.1/maven-model-builder-3.8.1.jar:/Users/sowmya.ganesh/.m2/repository/org/apache/maven/maven-resolver-provider/3.8.1/maven-resolver-provider-3.8.1.jar:/Users/sowmya.ganesh/.m2/repository/org/apache/maven/resolver/maven-resolver-impl/1.6.2/maven-resolver-impl-1.6.2.jar:/Users/sowmya.ganesh/.m2/repository/org/apache/maven/resolver/maven-resolver-api/1.6.2/maven-resolver-api-1.6.2.jar:/Users/sowmya.ganesh/.m2/repository/org/apache/maven/resolver/maven-resolver-spi/1.6.2/maven-resolver-spi-1.6.2.jar:/Users/sowmya.ganesh/.m2/repository/org/apache/maven/resolver/maven-resolver-util/1.6.2/maven-resolver-util-1.6.2.jar:/Users/sowmya.ganesh/.m2/repository/org/apache/maven/shared/maven-shared-utils/3.3.3/maven-shared-utils-3.3.3.jar:/Users/sowmya.ganesh/.m2/repository/com/google/inject/guice/4.2.1/guice-4.2.1-no_aop.jar:/Users/sowmya.ganesh/.m2/repository/aopalliance/aopalliance/1.0/aopalliance-1.0.jar:/Users/sowmya.ganesh/.m2/repository/org/codehaus/plexus/plexus-component-annotations/2.1.0/plexus-component-annotations-2.1.0.jar:/Users/sowmya.ganesh/.m2/repository/org/apache/maven/maven-artifact/3.0/maven-artifact-3.0.jar:/Users/sowmya.ganesh/.m2/repository/org/codehaus/plexus/plexus-utils/3.2.1/plexus-utils-3.2.1.jar:/Users/sowmya.ganesh/.m2/repository/org/apache/maven/shared/maven-artifact-transfer/0.10.0/maven-artifact-transfer-0.10.0.jar:/Users/sowmya.ganesh/.m2/repository/org/apache/maven/shared/maven-common-artifact-filters/3.0.1/maven-common-artifact-filters-3.0.1.jar:/Users/sowmya.ganesh/.m2/repository/org/sonatype/sisu/sisu-inject-plexus/1.4.2/sisu-inject-plexus-1.4.2.jar:/Users/sowmya.ganesh/.m2/repository/org/sonatype/sisu/sisu-inject-bean/1.4.2/sisu-inject-bean-1.4.2.jar:/Users/sowmya.ganesh/.m2/repository/org/sonatype/sisu/sisu-guice/2.1.7/sisu-guice-2.1.7-noaop.jar:/Users/sowmya.ganesh/.m2/repository/org/ow2/asm/asm/9.2/asm-9.2.jar:/Users/sowmya.ganesh/.m2/repository/org/ow2/asm/asm-commons/9.2/asm-commons-9.2.jar:/Users/sowmya.ganesh/.m2/repository/org/ow2/asm/asm-tree/9.2/asm-tree-9.2.jar:/Users/sowmya.ganesh/.m2/repository/org/ow2/asm/asm-analysis/9.2/asm-analysis-9.2.jar:/Users/sowmya.ganesh/.m2/repository/org/jdom/jdom2/2.0.6/jdom2-2.0.6.jar:/Users/sowmya.ganesh/.m2/repository/org/apache/maven/shared/maven-dependency-tree/3.0.1/maven-dependency-tree-3.0.1.jar:/Users/sowmya.ganesh/.m2/repository/org/eclipse/aether/aether-util/0.9.0.M2/aether-util-0.9.0.M2.jar:/Users/sowmya.ganesh/.m2/repository/commons-io/commons-io/2.11.0/commons-io-2.11.0.jar:/Users/sowmya.ganesh/.m2/repository/org/vafer/jdependency/2.4.0/jdependency-2.4.0.jar:/Users/sowmya.ganesh/.m2/repository/org/ow2/asm/asm-util/8.0/asm-util-8.0.jar:/Users/sowmya.ganesh/.m2/repository/com/google/guava/guava/30.1.1-jre/guava-30.1.1-jre.jar:/Users/sowmya.ganesh/.m2/repository/com/google/guava/failureaccess/1.0.1/failureaccess-1.0.1.jar:/Users/sowmya.ganesh/.m2/repository/com/google/guava/listenablefuture/9999.0-empty-to-avoid-conflict-with-guava/listenablefuture-9999.0-empty-to-avoid-conflict-with-guava.jar:/Users/sowmya.ganesh/.m2/repository/com/google/code/findbugs/jsr305/3.0.2/jsr305-3.0.2.jar:/Users/sowmya.ganesh/.m2/repository/org/checkerframework/checker-qual/2.5.2/checker-qual-2.5.2.jar:/Users/sowmya.ganesh/.m2/repository/com/google/errorprone/error_prone_annotations/2.2.0/error_prone_annotations-2.2.0.jar:/Users/sowmya.ganesh/.m2/repository/com/google/j2objc/j2objc-annotations/1.3/j2objc-annotations-1.3.jar:/Users/sowmya.ganesh/.m2/repository/org/apache/commons/commons-lang3/3.12.0/commons-lang3-3.12.0.jar:/Users/sowmya.ganesh/.m2/repository/io/temporal/temporal-sdk/1.8.1/temporal-sdk-1.8.1.jar:/Users/sowmya.ganesh/.m2/repository/io/temporal/temporal-serviceclient/1.8.1/temporal-serviceclient-1.8.1.jar:/Users/sowmya.ganesh/.m2/repository/io/grpc/grpc-api/1.40.1/grpc-api-1.40.1.jar:/Users/sowmya.ganesh/.m2/repository/io/grpc/grpc-context/1.40.1/grpc-context-1.40.1.jar:/Users/sowmya.ganesh/.m2/repository/io/grpc/grpc-stub/1.40.1/grpc-stub-1.40.1.jar:/Users/sowmya.ganesh/.m2/repository/io/grpc/grpc-netty-shaded/1.40.1/grpc-netty-shaded-1.40.1.jar:/Users/sowmya.ganesh/.m2/repository/io/perfmark/perfmark-api/0.23.0/perfmark-api-0.23.0.jar:/Users/sowmya.ganesh/.m2/repository/com/google/protobuf/protobuf-java-util/4.0.0-rc-2/protobuf-java-util-4.0.0-rc-2.jar:/Users/sowmya.ganesh/.m2/repository/com/google/protobuf/protobuf-java/3.17.3/protobuf-java-3.17.3.jar:/Users/sowmya.ganesh/.m2/repository/com/uber/m3/tally-core/0.13.0/tally-core-0.13.0.jar:/Users/sowmya.ganesh/.m2/repository/io/grpc/grpc-core/1.40.1/grpc-core-1.40.1.jar:/Users/sowmya.ganesh/.m2/repository/com/google/android/annotations/4.1.1.4/annotations-4.1.1.4.jar:/Users/sowmya.ganesh/.m2/repository/org/codehaus/mojo/animal-sniffer-annotations/1.19/animal-sniffer-annotations-1.19.jar:/Users/sowmya.ganesh/.m2/repository/io/grpc/grpc-services/1.40.1/grpc-services-1.40.1.jar:/Users/sowmya.ganesh/.m2/repository/io/grpc/grpc-protobuf/1.40.1/grpc-protobuf-1.40.1.jar:/Users/sowmya.ganesh/.m2/repository/com/google/api/grpc/proto-google-common-protos/2.0.1/proto-google-common-protos-2.0.1.jar:/Users/sowmya.ganesh/.m2/repository/io/grpc/grpc-protobuf-lite/1.40.1/grpc-protobuf-lite-1.40.1.jar:/Users/sowmya.ganesh/.m2/repository/com/google/code/gson/gson/2.8.6/gson-2.8.6.jar:/Users/sowmya.ganesh/.m2/repository/io/micrometer/micrometer-core/1.7.4/micrometer-core-1.7.4.jar:/Users/sowmya.ganesh/.m2/repository/org/hdrhistogram/HdrHistogram/2.1.12/HdrHistogram-2.1.12.jar:/Users/sowmya.ganesh/.m2/repository/org/latencyutils/LatencyUtils/2.0.3/LatencyUtils-2.0.3.jar:/Users/sowmya.ganesh/.m2/repository/javax/annotation/javax.annotation-api/1.3.2/javax.annotation-api-1.3.2.jar:/Users/sowmya.ganesh/.m2/repository/io/temporal/temporal-testing/1.8.1/temporal-testing-1.8.1.jar:/Users/sowmya.ganesh/.m2/repository/io/temporal/temporal-test-server/1.8.1/temporal-test-server-1.8.1.jar:/Users/sowmya.ganesh/.m2/repository/io/quarkus/quarkus-smallrye-openapi/2.4.1.Final/quarkus-smallrye-openapi-2.4.1.Final.jar:/Users/sowmya.ganesh/.m2/repository/io/smallrye/smallrye-open-api-core/2.1.15/smallrye-open-api-core-2.1.15.jar:/Users/sowmya.ganesh/.m2/repository/org/eclipse/microprofile/openapi/microprofile-openapi-api/2.0.1-RC1/microprofile-openapi-api-2.0.1-RC1.jar:/Users/sowmya.ganesh/.m2/repository/org/eclipse/microprofile/config/microprofile-config-api/2.0/microprofile-config-api-2.0.jar:/Users/sowmya.ganesh/.m2/repository/com/fasterxml/jackson/dataformat/jackson-dataformat-yaml/2.12.5/jackson-dataformat-yaml-2.12.5.jar:/Users/sowmya.ganesh/.m2/repository/org/yaml/snakeyaml/1.29/snakeyaml-1.29.jar:/Users/sowmya.ganesh/.m2/repository/io/quarkus/quarkus-swagger-ui/2.4.1.Final/quarkus-swagger-ui-2.4.1.Final.jar:/Users/sowmya.ganesh/.m2/repository/org/mockito/mockito-all/1.10.19/mockito-all-1.10.19.jar:/Users/sowmya.ganesh/.m2/repository/org/powermock/powermock-api-mockito/1.7.4/powermock-api-mockito-1.7.4.jar:/Users/sowmya.ganesh/.m2/repository/org/powermock/powermock-api-mockito-common/1.7.4/powermock-api-mockito-common-1.7.4.jar:/Users/sowmya.ganesh/.m2/repository/org/powermock/powermock-api-support/1.7.4/powermock-api-support-1.7.4.jar:/Users/sowmya.ganesh/.m2/repository/org/powermock/powermock-reflect/1.7.4/powermock-reflect-1.7.4.jar:/Users/sowmya.ganesh/.m2/repository/org/powermock/powermock-core/1.7.4/powermock-core-1.7.4.jar:/Users/sowmya.ganesh/.m2/repository/org/javassist/javassist/3.21.0-GA/javassist-3.21.0-GA.jar:/Users/sowmya.ganesh/.m2/repository/org/mockito/mockito-core/3.12.4/mockito-core-3.12.4.jar:/Users/sowmya.ganesh/.m2/repository/net/bytebuddy/byte-buddy/1.11.13/byte-buddy-1.11.13.jar:/Users/sowmya.ganesh/.m2/repository/net/bytebuddy/byte-buddy-agent/1.11.13/byte-buddy-agent-1.11.13.jar:/Users/sowmya.ganesh/.m2/repository/org/objenesis/objenesis/3.2/objenesis-3.2.jar:/Users/sowmya.ganesh/.m2/repository/io/quarkus/quarkus-junit5/2.4.1.Final/quarkus-junit5-2.4.1.Final.jar:/Users/sowmya.ganesh/.m2/repository/io/quarkus/quarkus-bootstrap-core/2.4.1.Final/quarkus-bootstrap-core-2.4.1.Final.jar:/Users/sowmya.ganesh/.m2/repository/io/quarkus/quarkus-bootstrap-app-model/2.4.1.Final/quarkus-bootstrap-app-model-2.4.1.Final.jar:/Users/sowmya.ganesh/.m2/repository/io/quarkus/quarkus-bootstrap-maven-resolver/2.4.1.Final/quarkus-bootstrap-maven-resolver-2.4.1.Final.jar:/Users/sowmya.ganesh/.m2/repository/org/apache/maven/maven-embedder/3.8.1/maven-embedder-3.8.1.jar:/Users/sowmya.ganesh/.m2/repository/commons-cli/commons-cli/1.4/commons-cli-1.4.jar:/Users/sowmya.ganesh/.m2/repository/org/apache/maven/resolver/maven-resolver-connector-basic/1.6.2/maven-resolver-connector-basic-1.6.2.jar:/Users/sowmya.ganesh/.m2/repository/org/apache/maven/resolver/maven-resolver-transport-wagon/1.6.2/maven-resolver-transport-wagon-1.6.2.jar:/Users/sowmya.ganesh/.m2/repository/org/apache/maven/wagon/wagon-http/3.4.3/wagon-http-3.4.3.jar:/Users/sowmya.ganesh/.m2/repository/org/apache/maven/wagon/wagon-http-shared/3.4.3/wagon-http-shared-3.4.3.jar:/Users/sowmya.ganesh/.m2/repository/org/jsoup/jsoup/1.12.1/jsoup-1.12.1.jar:/Users/sowmya.ganesh/.m2/repository/org/apache/maven/wagon/wagon-provider-api/3.4.3/wagon-provider-api-3.4.3.jar:/Users/sowmya.ganesh/.m2/repository/org/apache/maven/wagon/wagon-file/3.4.3/wagon-file-3.4.3.jar:/Users/sowmya.ganesh/.m2/repository/io/quarkus/quarkus-bootstrap-gradle-resolver/2.4.1.Final/quarkus-bootstrap-gradle-resolver-2.4.1.Final.jar:/Users/sowmya.ganesh/.m2/repository/io/smallrye/common/smallrye-common-io/1.6.0/smallrye-common-io-1.6.0.jar:/Users/sowmya.ganesh/.m2/repository/org/eclipse/sisu/org.eclipse.sisu.inject/0.3.4/org.eclipse.sisu.inject-0.3.4.jar:/Users/sowmya.ganesh/.m2/repository/io/quarkus/quarkus-test-common/2.4.1.Final/quarkus-test-common-2.4.1.Final.jar:/Users/sowmya.ganesh/.m2/repository/io/quarkus/quarkus-core-deployment/2.4.1.Final/quarkus-core-deployment-2.4.1.Final.jar:/Users/sowmya.ganesh/.m2/repository/org/aesh/readline/2.1/readline-2.1.jar:/Users/sowmya.ganesh/.m2/repository/org/fusesource/jansi/jansi/1.18/jansi-1.18.jar:/Users/sowmya.ganesh/.m2/repository/io/quarkus/gizmo/gizmo/1.0.9.Final/gizmo-1.0.9.Final.jar:/Users/sowmya.ganesh/.m2/repository/io/quarkus/quarkus-class-change-agent/2.4.1.Final/quarkus-class-change-agent-2.4.1.Final.jar:/Users/sowmya.ganesh/.m2/repository/io/quarkus/quarkus-devtools-utilities/2.4.1.Final/quarkus-devtools-utilities-2.4.1.Final.jar:/Users/sowmya.ganesh/.m2/repository/io/quarkus/quarkus-builder/2.4.1.Final/quarkus-builder-2.4.1.Final.jar:/Users/sowmya.ganesh/.m2/repository/org/junit/platform/junit-platform-launcher/1.8.1/junit-platform-launcher-1.8.1.jar:/Users/sowmya.ganesh/.m2/repository/io/quarkus/quarkus-jsonp-deployment/2.4.1.Final/quarkus-jsonp-deployment-2.4.1.Final.jar:/Users/sowmya.ganesh/.m2/repository/io/quarkus/quarkus-jsonp/2.4.1.Final/quarkus-jsonp-2.4.1.Final.jar:/Users/sowmya.ganesh/.m2/repository/org/glassfish/jakarta.json/1.1.6/jakarta.json-1.1.6.jar:/Users/sowmya.ganesh/.m2/repository/org/junit/jupiter/junit-jupiter/5.8.1/junit-jupiter-5.8.1.jar:/Users/sowmya.ganesh/.m2/repository/org/junit/jupiter/junit-jupiter-api/5.8.1/junit-jupiter-api-5.8.1.jar:/Users/sowmya.ganesh/.m2/repository/org/opentest4j/opentest4j/1.2.0/opentest4j-1.2.0.jar:/Users/sowmya.ganesh/.m2/repository/org/junit/platform/junit-platform-commons/1.8.1/junit-platform-commons-1.8.1.jar:/Users/sowmya.ganesh/.m2/repository/org/apiguardian/apiguardian-api/1.1.2/apiguardian-api-1.1.2.jar:/Users/sowmya.ganesh/.m2/repository/org/junit/jupiter/junit-jupiter-params/5.8.1/junit-jupiter-params-5.8.1.jar:/Users/sowmya.ganesh/.m2/repository/org/junit/jupiter/junit-jupiter-engine/5.8.1/junit-jupiter-engine-5.8.1.jar:/Users/sowmya.ganesh/.m2/repository/org/junit/platform/junit-platform-engine/1.8.1/junit-platform-engine-1.8.1.jar:/Users/sowmya.ganesh/.m2/repository/com/thoughtworks/xstream/xstream/1.4.18/xstream-1.4.18.jar:/Users/sowmya.ganesh/.m2/repository/io/github/x-stream/mxparser/1.2.2/mxparser-1.2.2.jar:/Users/sowmya.ganesh/.m2/repository/xmlpull/xmlpull/1.1.3.1/xmlpull-1.1.3.1.jar:/Users/sowmya.ganesh/.m2/repository/io/rest-assured/rest-assured/4.4.0/rest-assured-4.4.0.jar:/Users/sowmya.ganesh/.m2/repository/org/codehaus/groovy/groovy/3.0.8/groovy-3.0.8.jar:/Users/sowmya.ganesh/.m2/repository/org/codehaus/groovy/groovy-xml/3.0.8/groovy-xml-3.0.8.jar:/Users/sowmya.ganesh/.m2/repository/org/apache/httpcomponents/httpclient/4.5.13/httpclient-4.5.13.jar:/Users/sowmya.ganesh/.m2/repository/commons-codec/commons-codec/1.15/commons-codec-1.15.jar:/Users/sowmya.ganesh/.m2/repository/org/apache/httpcomponents/httpmime/4.5.13/httpmime-4.5.13.jar:/Users/sowmya.ganesh/.m2/repository/org/hamcrest/hamcrest/2.1/hamcrest-2.1.jar:/Users/sowmya.ganesh/.m2/repository/org/ccil/cowan/tagsoup/tagsoup/1.2.1/tagsoup-1.2.1.jar:/Users/sowmya.ganesh/.m2/repository/io/rest-assured/json-path/4.4.0/json-path-4.4.0.jar:/Users/sowmya.ganesh/.m2/repository/org/codehaus/groovy/groovy-json/3.0.8/groovy-json-3.0.8.jar:/Users/sowmya.ganesh/.m2/repository/io/rest-assured/rest-assured-common/4.4.0/rest-assured-common-4.4.0.jar:/Users/sowmya.ganesh/.m2/repository/io/rest-assured/xml-path/4.4.0/xml-path-4.4.0.jar:/Users/sowmya.ganesh/.m2/repository/jakarta/xml/bind/jakarta.xml.bind-api/2.3.3/jakarta.xml.bind-api-2.3.3.jar:/Users/sowmya.ganesh/.m2/repository/com/sun/xml/bind/jaxb-impl/2.3.3/jaxb-impl-2.3.3.jar:/Users/sowmya.ganesh/.m2/repository/org/acme/patient-onboarding-model/1.0.0-SNAPSHOT/patient-onboarding-model-1.0.0-SNAPSHOT.jar:"/>
    <property name="java.vm.vendor" value="Homebrew"/>
    <property name="sun.arch.data.model" value="64"/>
    <property name="java.vendor.url" value="https://github.com/Homebrew/homebrew-core/issues"/>
    <property name="user.timezone" value="Asia/Calcutta"/>
    <property name="os.name" value="Mac OS X"/>
    <property name="java.vm.specification.version" value="19"/>
    <property name="sun.java.launcher" value="SUN_STANDARD"/>
    <property name="user.country" value="IN"/>
    <property name="sun.boot.library.path" value="/opt/homebrew/Cellar/openjdk/19.0.2/libexec/openjdk.jdk/Contents/Home/lib"/>
    <property name="sun.java.command" value="/Users/sowmya.ganesh/Desktop/Project/temporal-patient-onboarding/onboarding-app/target/surefire/surefirebooter-20230310142810773_3.jar /Users/sowmya.ganesh/Desktop/Project/temporal-patient-onboarding/onboarding-app/target/surefire 2023-03-10T14-28-10_637-jvmRun1 surefire-20230310142810773_1tmp surefire_0-20230310142810773_2tmp"/>
    <property name="jdk.debug" value="release"/>
    <property name="maven.home" value="/opt/homebrew/Cellar/maven/3.9.0"/>
    <property name="surefire.test.class.path" value="/Users/sowmya.ganesh/Desktop/Project/temporal-patient-onboarding/onboarding-app/target/test-classes:/Users/sowmya.ganesh/Desktop/Project/temporal-patient-onboarding/onboarding-app/target/classes:/Users/sowmya.ganesh/.m2/repository/io/quarkus/quarkus-rest-client/2.4.1.Final/quarkus-rest-client-2.4.1.Final.jar:/Users/sowmya.ganesh/.m2/repository/io/quarkus/quarkus-core/2.4.1.Final/quarkus-core-2.4.1.Final.jar:/Users/sowmya.ganesh/.m2/repository/jakarta/enterprise/jakarta.enterprise.cdi-api/2.0.2/jakarta.enterprise.cdi-api-2.0.2.jar:/Users/sowmya.ganesh/.m2/repository/jakarta/el/jakarta.el-api/3.0.3/jakarta.el-api-3.0.3.jar:/Users/sowmya.ganesh/.m2/repository/jakarta/inject/jakarta.inject-api/1.0/jakarta.inject-api-1.0.jar:/Users/sowmya.ganesh/.m2/repository/io/quarkus/quarkus-ide-launcher/2.4.1.Final/quarkus-ide-launcher-2.4.1.Final.jar:/Users/sowmya.ganesh/.m2/repository/io/quarkus/quarkus-development-mode-spi/2.4.1.Final/quarkus-development-mode-spi-2.4.1.Final.jar:/Users/sowmya.ganesh/.m2/repository/io/smallrye/config/smallrye-config/2.5.1/smallrye-config-2.5.1.jar:/Users/sowmya.ganesh/.m2/repository/io/smallrye/config/smallrye-config-core/2.5.1/smallrye-config-core-2.5.1.jar:/Users/sowmya.ganesh/.m2/repository/io/smallrye/common/smallrye-common-expression/1.6.0/smallrye-common-expression-1.6.0.jar:/Users/sowmya.ganesh/.m2/repository/io/smallrye/common/smallrye-common-function/1.6.0/smallrye-common-function-1.6.0.jar:/Users/sowmya.ganesh/.m2/repository/io/smallrye/common/smallrye-common-constraint/1.6.0/smallrye-common-constraint-1.6.0.jar:/Users/sowmya.ganesh/.m2/repository/io/smallrye/common/smallrye-common-classloader/1.6.0/smallrye-common-classloader-1.6.0.jar:/Users/sowmya.ganesh/.m2/repository/io/smallrye/config/smallrye-config-common/2.5.1/smallrye-config-common-2.5.1.jar:/Users/sowmya.ganesh/.m2/repository/org/jboss/logging/jboss-logging/3.4.2.Final/jboss-logging-3.4.2.Final.jar:/Users/sowmya.ganesh/.m2/repository/org/jboss/logmanager/jboss-logmanager-embedded/1.0.9/jboss-logmanager-embedded-1.0.9.jar:/Users/sowmya.ganesh/.m2/repository/org/jboss/logging/jboss-logging-annotations/2.2.1.Final/jboss-logging-annotations-2.2.1.Final.jar:/Users/sowmya.ganesh/.m2/repository/org/jboss/threads/jboss-threads/3.4.2.Final/jboss-threads-3.4.2.Final.jar:/Users/sowmya.ganesh/.m2/repository/org/slf4j/slf4j-api/1.7.30/slf4j-api-1.7.30.jar:/Users/sowmya.ganesh/.m2/repository/org/jboss/slf4j/slf4j-jboss-logmanager/1.1.0.Final/slf4j-jboss-logmanager-1.1.0.Final.jar:/Users/sowmya.ganesh/.m2/repository/org/graalvm/sdk/graal-sdk/21.2.0/graal-sdk-21.2.0.jar:/Users/sowmya.ganesh/.m2/repository/org/wildfly/common/wildfly-common/1.5.4.Final-format-001/wildfly-common-1.5.4.Final-format-001.jar:/Users/sowmya.ganesh/.m2/repository/io/quarkus/quarkus-bootstrap-runner/2.4.1.Final/quarkus-bootstrap-runner-2.4.1.Final.jar:/Users/sowmya.ganesh/.m2/repository/io/quarkus/quarkus-resteasy-common/2.4.1.Final/quarkus-resteasy-common-2.4.1.Final.jar:/Users/sowmya.ganesh/.m2/repository/org/jboss/resteasy/resteasy-core/4.7.0.Final/resteasy-core-4.7.0.Final.jar:/Users/sowmya.ganesh/.m2/repository/org/jboss/spec/javax/ws/rs/jboss-jaxrs-api_2.1_spec/2.0.1.Final/jboss-jaxrs-api_2.1_spec-2.0.1.Final.jar:/Users/sowmya.ganesh/.m2/repository/org/jboss/resteasy/resteasy-core-spi/4.7.0.Final/resteasy-core-spi-4.7.0.Final.jar:/Users/sowmya.ganesh/.m2/repository/org/reactivestreams/reactive-streams/1.0.3/reactive-streams-1.0.3.jar:/Users/sowmya.ganesh/.m2/repository/com/ibm/async/asyncutil/0.1.0/asyncutil-0.1.0.jar:/Users/sowmya.ganesh/.m2/repository/com/sun/activation/jakarta.activation/1.2.1/jakarta.activation-1.2.1.jar:/Users/sowmya.ganesh/.m2/repository/io/quarkus/quarkus-apache-httpclient/2.4.1.Final/quarkus-apache-httpclient-2.4.1.Final.jar:/Users/sowmya.ganesh/.m2/repository/io/quarkus/quarkus-rest-client-config/2.4.1.Final/quarkus-rest-client-config-2.4.1.Final.jar:/Users/sowmya.ganesh/.m2/repository/org/eclipse/microprofile/rest/client/microprofile-rest-client-api/2.0/microprofile-rest-client-api-2.0.jar:/Users/sowmya.ganesh/.m2/repository/org/jboss/jandex/2.4.1.Final/jandex-2.4.1.Final.jar:/Users/sowmya.ganesh/.m2/repository/org/jboss/resteasy/resteasy-client-microprofile/4.7.0.Final/resteasy-client-microprofile-4.7.0.Final.jar:/Users/sowmya.ganesh/.m2/repository/org/jboss/resteasy/resteasy-client-microprofile-base/4.7.0.Final/resteasy-client-microprofile-base-4.7.0.Final.jar:/Users/sowmya.ganesh/.m2/repository/org/jboss/resteasy/resteasy-client/4.7.0.Final/resteasy-client-4.7.0.Final.jar:/Users/sowmya.ganesh/.m2/repository/org/jboss/resteasy/resteasy-client-api/4.7.0.Final/resteasy-client-api-4.7.0.Final.jar:/Users/sowmya.ganesh/.m2/repository/org/jboss/resteasy/resteasy-cdi/4.7.0.Final/resteasy-cdi-4.7.0.Final.jar:/Users/sowmya.ganesh/.m2/repository/jakarta/interceptor/jakarta.interceptor-api/1.2.5/jakarta.interceptor-api-1.2.5.jar:/Users/sowmya.ganesh/.m2/repository/org/apache/httpcomponents/httpasyncclient/4.1.4/httpasyncclient-4.1.4.jar:/Users/sowmya.ganesh/.m2/repository/org/apache/httpcomponents/httpcore/4.4.14/httpcore-4.4.14.jar:/Users/sowmya.ganesh/.m2/repository/org/apache/httpcomponents/httpcore-nio/4.4.14/httpcore-nio-4.4.14.jar:/Users/sowmya.ganesh/.m2/repository/org/jboss/logging/commons-logging-jboss-logging/1.0.0.Final/commons-logging-jboss-logging-1.0.0.Final.jar:/Users/sowmya.ganesh/.m2/repository/io/quarkus/quarkus-rest-client-jackson/2.4.1.Final/quarkus-rest-client-jackson-2.4.1.Final.jar:/Users/sowmya.ganesh/.m2/repository/org/jboss/resteasy/resteasy-jackson2-provider/4.7.0.Final/resteasy-jackson2-provider-4.7.0.Final.jar:/Users/sowmya.ganesh/.m2/repository/com/fasterxml/jackson/core/jackson-core/2.12.5/jackson-core-2.12.5.jar:/Users/sowmya.ganesh/.m2/repository/com/fasterxml/jackson/core/jackson-annotations/2.12.5/jackson-annotations-2.12.5.jar:/Users/sowmya.ganesh/.m2/repository/com/fasterxml/jackson/jaxrs/jackson-jaxrs-json-provider/2.12.5/jackson-jaxrs-json-provider-2.12.5.jar:/Users/sowmya.ganesh/.m2/repository/com/fasterxml/jackson/jaxrs/jackson-jaxrs-base/2.12.5/jackson-jaxrs-base-2.12.5.jar:/Users/sowmya.ganesh/.m2/repository/com/fasterxml/jackson/module/jackson-module-jaxb-annotations/2.12.5/jackson-module-jaxb-annotations-2.12.5.jar:/Users/sowmya.ganesh/.m2/repository/com/github/java-json-tools/json-patch/1.13/json-patch-1.13.jar:/Users/sowmya.ganesh/.m2/repository/com/github/java-json-tools/msg-simple/1.2/msg-simple-1.2.jar:/Users/sowmya.ganesh/.m2/repository/com/github/java-json-tools/btf/1.3/btf-1.3.jar:/Users/sowmya.ganesh/.m2/repository/com/github/java-json-tools/jackson-coreutils/2.0/jackson-coreutils-2.0.jar:/Users/sowmya.ganesh/.m2/repository/org/jboss/spec/javax/xml/bind/jboss-jaxb-api_2.3_spec/2.0.0.Final/jboss-jaxb-api_2.3_spec-2.0.0.Final.jar:/Users/sowmya.ganesh/.m2/repository/io/quarkus/quarkus-smallrye-reactive-messaging/2.4.1.Final/quarkus-smallrye-reactive-messaging-2.4.1.Final.jar:/Users/sowmya.ganesh/.m2/repository/io/quarkus/quarkus-mutiny-reactive-streams-operators/2.4.1.Final/quarkus-mutiny-reactive-streams-operators-2.4.1.Final.jar:/Users/sowmya.ganesh/.m2/repository/org/eclipse/microprofile/reactive-streams-operators/microprofile-reactive-streams-operators-api/1.0.1/microprofile-reactive-streams-operators-api-1.0.1.jar:/Users/sowmya.ganesh/.m2/repository/org/eclipse/microprofile/reactive-streams-operators/microprofile-reactive-streams-operators-core/1.0.1/microprofile-reactive-streams-operators-core-1.0.1.jar:/Users/sowmya.ganesh/.m2/repository/io/quarkus/quarkus-mutiny/2.4.1.Final/quarkus-mutiny-2.4.1.Final.jar:/Users/sowmya.ganesh/.m2/repository/io/smallrye/reactive/mutiny-reactive-streams-operators/1.1.2/mutiny-reactive-streams-operators-1.1.2.jar:/Users/sowmya.ganesh/.m2/repository/io/smallrye/reactive/mutiny-smallrye-context-propagation/1.1.2/mutiny-smallrye-context-propagation-1.1.2.jar:/Users/sowmya.ganesh/.m2/repository/io/smallrye/smallrye-context-propagation/1.2.2/smallrye-context-propagation-1.2.2.jar:/Users/sowmya.ganesh/.m2/repository/io/smallrye/smallrye-context-propagation-api/1.2.2/smallrye-context-propagation-api-1.2.2.jar:/Users/sowmya.ganesh/.m2/repository/io/smallrye/smallrye-context-propagation-storage/1.2.2/smallrye-context-propagation-storage-1.2.2.jar:/Users/sowmya.ganesh/.m2/repository/io/quarkus/quarkus-smallrye-context-propagation/2.4.1.Final/quarkus-smallrye-context-propagation-2.4.1.Final.jar:/Users/sowmya.ganesh/.m2/repository/io/quarkus/quarkus-smallrye-reactive-messaging-kotlin/2.4.1.Final/quarkus-smallrye-reactive-messaging-kotlin-2.4.1.Final.jar:/Users/sowmya.ganesh/.m2/repository/io/vertx/vertx-web/4.1.5/vertx-web-4.1.5.jar:/Users/sowmya.ganesh/.m2/repository/io/vertx/vertx-web-common/4.1.5/vertx-web-common-4.1.5.jar:/Users/sowmya.ganesh/.m2/repository/io/vertx/vertx-auth-common/4.1.5/vertx-auth-common-4.1.5.jar:/Users/sowmya.ganesh/.m2/repository/io/vertx/vertx-bridge-common/4.1.5/vertx-bridge-common-4.1.5.jar:/Users/sowmya.ganesh/.m2/repository/io/vertx/vertx-core/4.1.5/vertx-core-4.1.5.jar:/Users/sowmya.ganesh/.m2/repository/io/netty/netty-common/4.1.68.Final/netty-common-4.1.68.Final.jar:/Users/sowmya.ganesh/.m2/repository/io/netty/netty-handler-proxy/4.1.68.Final/netty-handler-proxy-4.1.68.Final.jar:/Users/sowmya.ganesh/.m2/repository/io/netty/netty-codec-socks/4.1.68.Final/netty-codec-socks-4.1.68.Final.jar:/Users/sowmya.ganesh/.m2/repository/io/netty/netty-resolver/4.1.68.Final/netty-resolver-4.1.68.Final.jar:/Users/sowmya.ganesh/.m2/repository/io/netty/netty-resolver-dns/4.1.68.Final/netty-resolver-dns-4.1.68.Final.jar:/Users/sowmya.ganesh/.m2/repository/io/netty/netty-codec-dns/4.1.68.Final/netty-codec-dns-4.1.68.Final.jar:/Users/sowmya.ganesh/.m2/repository/io/smallrye/reactive/smallrye-reactive-messaging-api/3.10.1/smallrye-reactive-messaging-api-3.10.1.jar:/Users/sowmya.ganesh/.m2/repository/io/opentelemetry/opentelemetry-api/1.6.0/opentelemetry-api-1.6.0.jar:/Users/sowmya.ganesh/.m2/repository/io/opentelemetry/opentelemetry-context/1.6.0/opentelemetry-context-1.6.0.jar:/Users/sowmya.ganesh/.m2/repository/io/quarkus/quarkus-vertx/2.4.1.Final/quarkus-vertx-2.4.1.Final.jar:/Users/sowmya.ganesh/.m2/repository/io/quarkus/quarkus-netty/2.4.1.Final/quarkus-netty-2.4.1.Final.jar:/Users/sowmya.ganesh/.m2/repository/io/netty/netty-codec/4.1.68.Final/netty-codec-4.1.68.Final.jar:/Users/sowmya.ganesh/.m2/repository/io/netty/netty-codec-http/4.1.68.Final/netty-codec-http-4.1.68.Final.jar:/Users/sowmya.ganesh/.m2/repository/io/netty/netty-codec-http2/4.1.68.Final/netty-codec-http2-4.1.68.Final.jar:/Users/sowmya.ganesh/.m2/repository/io/netty/netty-handler/4.1.68.Final/netty-handler-4.1.68.Final.jar:/Users/sowmya.ganesh/.m2/repository/io/netty/netty-codec-haproxy/4.1.68.Final/netty-codec-haproxy-4.1.68.Final.jar:/Users/sowmya.ganesh/.m2/repository/io/netty/netty-buffer/4.1.68.Final/netty-buffer-4.1.68.Final.jar:/Users/sowmya.ganesh/.m2/repository/io/netty/netty-transport/4.1.68.Final/netty-transport-4.1.68.Final.jar:/Users/sowmya.ganesh/.m2/repository/io/smallrye/reactive/smallrye-mutiny-vertx-core/2.14.1/smallrye-mutiny-vertx-core-2.14.1.jar:/Users/sowmya.ganesh/.m2/repository/io/smallrye/reactive/smallrye-mutiny-vertx-runtime/2.14.1/smallrye-mutiny-vertx-runtime-2.14.1.jar:/Users/sowmya.ganesh/.m2/repository/io/smallrye/reactive/vertx-mutiny-generator/2.14.1/vertx-mutiny-generator-2.14.1.jar:/Users/sowmya.ganesh/.m2/repository/io/vertx/vertx-codegen/4.1.5/vertx-codegen-4.1.5.jar:/Users/sowmya.ganesh/.m2/repository/io/smallrye/smallrye-fault-tolerance-vertx/5.2.1/smallrye-fault-tolerance-vertx-5.2.1.jar:/Users/sowmya.ganesh/.m2/repository/io/smallrye/reactive/smallrye-reactive-messaging-provider/3.10.1/smallrye-reactive-messaging-provider-3.10.1.jar:/Users/sowmya.ganesh/.m2/repository/io/smallrye/reactive/smallrye-reactive-converter-api/2.6.0/smallrye-reactive-converter-api-2.6.0.jar:/Users/sowmya.ganesh/.m2/repository/io/smallrye/reactive/mutiny/1.1.2/mutiny-1.1.2.jar:/Users/sowmya.ganesh/.m2/repository/io/smallrye/common/smallrye-common-annotation/1.6.0/smallrye-common-annotation-1.6.0.jar:/Users/sowmya.ganesh/.m2/repository/io/smallrye/reactive/smallrye-reactive-messaging-health/3.10.1/smallrye-reactive-messaging-health-3.10.1.jar:/Users/sowmya.ganesh/.m2/repository/org/eclipse/microprofile/health/microprofile-health-api/3.1/microprofile-health-api-3.1.jar:/Users/sowmya.ganesh/.m2/repository/jakarta/annotation/jakarta.annotation-api/1.3.5/jakarta.annotation-api-1.3.5.jar:/Users/sowmya.ganesh/.m2/repository/io/quarkus/quarkus-jackson/2.4.1.Final/quarkus-jackson-2.4.1.Final.jar:/Users/sowmya.ganesh/.m2/repository/com/fasterxml/jackson/core/jackson-databind/2.12.5/jackson-databind-2.12.5.jar:/Users/sowmya.ganesh/.m2/repository/com/fasterxml/jackson/datatype/jackson-datatype-jsr310/2.12.5/jackson-datatype-jsr310-2.12.5.jar:/Users/sowmya.ganesh/.m2/repository/com/fasterxml/jackson/datatype/jackson-datatype-jdk8/2.12.5/jackson-datatype-jdk8-2.12.5.jar:/Users/sowmya.ganesh/.m2/repository/com/fasterxml/jackson/module/jackson-module-parameter-names/2.12.5/jackson-module-parameter-names-2.12.5.jar:/Users/sowmya.ganesh/.m2/repository/io/quarkus/quarkus-resteasy/2.4.1.Final/quarkus-resteasy-2.4.1.Final.jar:/Users/sowmya.ganesh/.m2/repository/io/quarkus/quarkus-vertx-http/2.4.1.Final/quarkus-vertx-http-2.4.1.Final.jar:/Users/sowmya.ganesh/.m2/repository/io/quarkus/quarkus-security-runtime-spi/2.4.1.Final/quarkus-security-runtime-spi-2.4.1.Final.jar:/Users/sowmya.ganesh/.m2/repository/io/quarkus/quarkus-vertx-http-dev-console-runtime-spi/2.4.1.Final/quarkus-vertx-http-dev-console-runtime-spi-2.4.1.Final.jar:/Users/sowmya.ganesh/.m2/repository/io/quarkus/security/quarkus-security/1.1.4.Final/quarkus-security-1.1.4.Final.jar:/Users/sowmya.ganesh/.m2/repository/io/smallrye/reactive/smallrye-mutiny-vertx-web/2.14.1/smallrye-mutiny-vertx-web-2.14.1.jar:/Users/sowmya.ganesh/.m2/repository/io/smallrye/reactive/smallrye-mutiny-vertx-web-common/2.14.1/smallrye-mutiny-vertx-web-common-2.14.1.jar:/Users/sowmya.ganesh/.m2/repository/io/smallrye/reactive/smallrye-mutiny-vertx-auth-common/2.14.1/smallrye-mutiny-vertx-auth-common-2.14.1.jar:/Users/sowmya.ganesh/.m2/repository/io/smallrye/reactive/smallrye-mutiny-vertx-bridge-common/2.14.1/smallrye-mutiny-vertx-bridge-common-2.14.1.jar:/Users/sowmya.ganesh/.m2/repository/io/quarkus/quarkus-resteasy-server-common/2.4.1.Final/quarkus-resteasy-server-common-2.4.1.Final.jar:/Users/sowmya.ganesh/.m2/repository/jakarta/validation/jakarta.validation-api/2.0.2/jakarta.validation-api-2.0.2.jar:/Users/sowmya.ganesh/.m2/repository/io/quarkus/quarkus-resteasy-jackson/2.4.1.Final/quarkus-resteasy-jackson-2.4.1.Final.jar:/Users/sowmya.ganesh/.m2/repository/io/quarkus/quarkus-arc/2.4.1.Final/quarkus-arc-2.4.1.Final.jar:/Users/sowmya.ganesh/.m2/repository/io/quarkus/arc/arc/2.4.1.Final/arc-2.4.1.Final.jar:/Users/sowmya.ganesh/.m2/repository/jakarta/transaction/jakarta.transaction-api/1.3.3/jakarta.transaction-api-1.3.3.jar:/Users/sowmya.ganesh/.m2/repository/org/eclipse/microprofile/context-propagation/microprofile-context-propagation-api/1.2/microprofile-context-propagation-api-1.2.jar:/Users/sowmya.ganesh/.m2/repository/org/apache/maven/plugins/maven-shade-plugin/3.2.4/maven-shade-plugin-3.2.4.jar:/Users/sowmya.ganesh/.m2/repository/org/apache/maven/maven-plugin-api/3.8.1/maven-plugin-api-3.8.1.jar:/Users/sowmya.ganesh/.m2/repository/org/eclipse/sisu/org.eclipse.sisu.plexus/0.3.4/org.eclipse.sisu.plexus-0.3.4.jar:/Users/sowmya.ganesh/.m2/repository/org/codehaus/plexus/plexus-classworlds/2.6.0/plexus-classworlds-2.6.0.jar:/Users/sowmya.ganesh/.m2/repository/org/apache/maven/maven-model/3.8.1/maven-model-3.8.1.jar:/Users/sowmya.ganesh/.m2/repository/org/apache/maven/maven-core/3.8.1/maven-core-3.8.1.jar:/Users/sowmya.ganesh/.m2/repository/org/apache/maven/maven-settings/3.8.1/maven-settings-3.8.1.jar:/Users/sowmya.ganesh/.m2/repository/org/apache/maven/maven-settings-builder/3.8.1/maven-settings-builder-3.8.1.jar:/Users/sowmya.ganesh/.m2/repository/org/codehaus/plexus/plexus-interpolation/1.25/plexus-interpolation-1.25.jar:/Users/sowmya.ganesh/.m2/repository/org/sonatype/plexus/plexus-sec-dispatcher/1.4/plexus-sec-dispatcher-1.4.jar:/Users/sowmya.ganesh/.m2/repository/org/sonatype/plexus/plexus-cipher/1.4/plexus-cipher-1.4.jar:/Users/sowmya.ganesh/.m2/repository/org/apache/maven/maven-builder-support/3.8.1/maven-builder-support-3.8.1.jar:/Users/sowmya.ganesh/.m2/repository/org/apache/maven/maven-repository-metadata/3.8.1/maven-repository-metadata-3.8.1.jar:/Users/sowmya.ganesh/.m2/repository/org/apache/maven/maven-model-builder/3.8.1/maven-model-builder-3.8.1.jar:/Users/sowmya.ganesh/.m2/repository/org/apache/maven/maven-resolver-provider/3.8.1/maven-resolver-provider-3.8.1.jar:/Users/sowmya.ganesh/.m2/repository/org/apache/maven/resolver/maven-resolver-impl/1.6.2/maven-resolver-impl-1.6.2.jar:/Users/sowmya.ganesh/.m2/repository/org/apache/maven/resolver/maven-resolver-api/1.6.2/maven-resolver-api-1.6.2.jar:/Users/sowmya.ganesh/.m2/repository/org/apache/maven/resolver/maven-resolver-spi/1.6.2/maven-resolver-spi-1.6.2.jar:/Users/sowmya.ganesh/.m2/repository/org/apache/maven/resolver/maven-resolver-util/1.6.2/maven-resolver-util-1.6.2.jar:/Users/sowmya.ganesh/.m2/repository/org/apache/maven/shared/maven-shared-utils/3.3.3/maven-shared-utils-3.3.3.jar:/Users/sowmya.ganesh/.m2/repository/com/google/inject/guice/4.2.1/guice-4.2.1-no_aop.jar:/Users/sowmya.ganesh/.m2/repository/aopalliance/aopalliance/1.0/aopalliance-1.0.jar:/Users/sowmya.ganesh/.m2/repository/org/codehaus/plexus/plexus-component-annotations/2.1.0/plexus-component-annotations-2.1.0.jar:/Users/sowmya.ganesh/.m2/repository/org/apache/maven/maven-artifact/3.0/maven-artifact-3.0.jar:/Users/sowmya.ganesh/.m2/repository/org/codehaus/plexus/plexus-utils/3.2.1/plexus-utils-3.2.1.jar:/Users/sowmya.ganesh/.m2/repository/org/apache/maven/shared/maven-artifact-transfer/0.10.0/maven-artifact-transfer-0.10.0.jar:/Users/sowmya.ganesh/.m2/repository/org/apache/maven/shared/maven-common-artifact-filters/3.0.1/maven-common-artifact-filters-3.0.1.jar:/Users/sowmya.ganesh/.m2/repository/org/sonatype/sisu/sisu-inject-plexus/1.4.2/sisu-inject-plexus-1.4.2.jar:/Users/sowmya.ganesh/.m2/repository/org/sonatype/sisu/sisu-inject-bean/1.4.2/sisu-inject-bean-1.4.2.jar:/Users/sowmya.ganesh/.m2/repository/org/sonatype/sisu/sisu-guice/2.1.7/sisu-guice-2.1.7-noaop.jar:/Users/sowmya.ganesh/.m2/repository/org/ow2/asm/asm/9.2/asm-9.2.jar:/Users/sowmya.ganesh/.m2/repository/org/ow2/asm/asm-commons/9.2/asm-commons-9.2.jar:/Users/sowmya.ganesh/.m2/repository/org/ow2/asm/asm-tree/9.2/asm-tree-9.2.jar:/Users/sowmya.ganesh/.m2/repository/org/ow2/asm/asm-analysis/9.2/asm-analysis-9.2.jar:/Users/sowmya.ganesh/.m2/repository/org/jdom/jdom2/2.0.6/jdom2-2.0.6.jar:/Users/sowmya.ganesh/.m2/repository/org/apache/maven/shared/maven-dependency-tree/3.0.1/maven-dependency-tree-3.0.1.jar:/Users/sowmya.ganesh/.m2/repository/org/eclipse/aether/aether-util/0.9.0.M2/aether-util-0.9.0.M2.jar:/Users/sowmya.ganesh/.m2/repository/commons-io/commons-io/2.11.0/commons-io-2.11.0.jar:/Users/sowmya.ganesh/.m2/repository/org/vafer/jdependency/2.4.0/jdependency-2.4.0.jar:/Users/sowmya.ganesh/.m2/repository/org/ow2/asm/asm-util/8.0/asm-util-8.0.jar:/Users/sowmya.ganesh/.m2/repository/com/google/guava/guava/30.1.1-jre/guava-30.1.1-jre.jar:/Users/sowmya.ganesh/.m2/repository/com/google/guava/failureaccess/1.0.1/failureaccess-1.0.1.jar:/Users/sowmya.ganesh/.m2/repository/com/google/guava/listenablefuture/9999.0-empty-to-avoid-conflict-with-guava/listenablefuture-9999.0-empty-to-avoid-conflict-with-guava.jar:/Users/sowmya.ganesh/.m2/repository/com/google/code/findbugs/jsr305/3.0.2/jsr305-3.0.2.jar:/Users/sowmya.ganesh/.m2/repository/org/checkerframework/checker-qual/2.5.2/checker-qual-2.5.2.jar:/Users/sowmya.ganesh/.m2/repository/com/google/errorprone/error_prone_annotations/2.2.0/error_prone_annotations-2.2.0.jar:/Users/sowmya.ganesh/.m2/repository/com/google/j2objc/j2objc-annotations/1.3/j2objc-annotations-1.3.jar:/Users/sowmya.ganesh/.m2/repository/org/apache/commons/commons-lang3/3.12.0/commons-lang3-3.12.0.jar:/Users/sowmya.ganesh/.m2/repository/io/temporal/temporal-sdk/1.8.1/temporal-sdk-1.8.1.jar:/Users/sowmya.ganesh/.m2/repository/io/temporal/temporal-serviceclient/1.8.1/temporal-serviceclient-1.8.1.jar:/Users/sowmya.ganesh/.m2/repository/io/grpc/grpc-api/1.40.1/grpc-api-1.40.1.jar:/Users/sowmya.ganesh/.m2/repository/io/grpc/grpc-context/1.40.1/grpc-context-1.40.1.jar:/Users/sowmya.ganesh/.m2/repository/io/grpc/grpc-stub/1.40.1/grpc-stub-1.40.1.jar:/Users/sowmya.ganesh/.m2/repository/io/grpc/grpc-netty-shaded/1.40.1/grpc-netty-shaded-1.40.1.jar:/Users/sowmya.ganesh/.m2/repository/io/perfmark/perfmark-api/0.23.0/perfmark-api-0.23.0.jar:/Users/sowmya.ganesh/.m2/repository/com/google/protobuf/protobuf-java-util/4.0.0-rc-2/protobuf-java-util-4.0.0-rc-2.jar:/Users/sowmya.ganesh/.m2/repository/com/google/protobuf/protobuf-java/3.17.3/protobuf-java-3.17.3.jar:/Users/sowmya.ganesh/.m2/repository/com/uber/m3/tally-core/0.13.0/tally-core-0.13.0.jar:/Users/sowmya.ganesh/.m2/repository/io/grpc/grpc-core/1.40.1/grpc-core-1.40.1.jar:/Users/sowmya.ganesh/.m2/repository/com/google/android/annotations/4.1.1.4/annotations-4.1.1.4.jar:/Users/sowmya.ganesh/.m2/repository/org/codehaus/mojo/animal-sniffer-annotations/1.19/animal-sniffer-annotations-1.19.jar:/Users/sowmya.ganesh/.m2/repository/io/grpc/grpc-services/1.40.1/grpc-services-1.40.1.jar:/Users/sowmya.ganesh/.m2/repository/io/grpc/grpc-protobuf/1.40.1/grpc-protobuf-1.40.1.jar:/Users/sowmya.ganesh/.m2/repository/com/google/api/grpc/proto-google-common-protos/2.0.1/proto-google-common-protos-2.0.1.jar:/Users/sowmya.ganesh/.m2/repository/io/grpc/grpc-protobuf-lite/1.40.1/grpc-protobuf-lite-1.40.1.jar:/Users/sowmya.ganesh/.m2/repository/com/google/code/gson/gson/2.8.6/gson-2.8.6.jar:/Users/sowmya.ganesh/.m2/repository/io/micrometer/micrometer-core/1.7.4/micrometer-core-1.7.4.jar:/Users/sowmya.ganesh/.m2/repository/org/hdrhistogram/HdrHistogram/2.1.12/HdrHistogram-2.1.12.jar:/Users/sowmya.ganesh/.m2/repository/org/latencyutils/LatencyUtils/2.0.3/LatencyUtils-2.0.3.jar:/Users/sowmya.ganesh/.m2/repository/javax/annotation/javax.annotation-api/1.3.2/javax.annotation-api-1.3.2.jar:/Users/sowmya.ganesh/.m2/repository/io/temporal/temporal-testing/1.8.1/temporal-testing-1.8.1.jar:/Users/sowmya.ganesh/.m2/repository/io/temporal/temporal-test-server/1.8.1/temporal-test-server-1.8.1.jar:/Users/sowmya.ganesh/.m2/repository/io/quarkus/quarkus-smallrye-openapi/2.4.1.Final/quarkus-smallrye-openapi-2.4.1.Final.jar:/Users/sowmya.ganesh/.m2/repository/io/smallrye/smallrye-open-api-core/2.1.15/smallrye-open-api-core-2.1.15.jar:/Users/sowmya.ganesh/.m2/repository/org/eclipse/microprofile/openapi/microprofile-openapi-api/2.0.1-RC1/microprofile-openapi-api-2.0.1-RC1.jar:/Users/sowmya.ganesh/.m2/repository/org/eclipse/microprofile/config/microprofile-config-api/2.0/microprofile-config-api-2.0.jar:/Users/sowmya.ganesh/.m2/repository/com/fasterxml/jackson/dataformat/jackson-dataformat-yaml/2.12.5/jackson-dataformat-yaml-2.12.5.jar:/Users/sowmya.ganesh/.m2/repository/org/yaml/snakeyaml/1.29/snakeyaml-1.29.jar:/Users/sowmya.ganesh/.m2/repository/io/quarkus/quarkus-swagger-ui/2.4.1.Final/quarkus-swagger-ui-2.4.1.Final.jar:/Users/sowmya.ganesh/.m2/repository/org/mockito/mockito-all/1.10.19/mockito-all-1.10.19.jar:/Users/sowmya.ganesh/.m2/repository/org/powermock/powermock-api-mockito/1.7.4/powermock-api-mockito-1.7.4.jar:/Users/sowmya.ganesh/.m2/repository/org/powermock/powermock-api-mockito-common/1.7.4/powermock-api-mockito-common-1.7.4.jar:/Users/sowmya.ganesh/.m2/repository/org/powermock/powermock-api-support/1.7.4/powermock-api-support-1.7.4.jar:/Users/sowmya.ganesh/.m2/repository/org/powermock/powermock-reflect/1.7.4/powermock-reflect-1.7.4.jar:/Users/sowmya.ganesh/.m2/repository/org/powermock/powermock-core/1.7.4/powermock-core-1.7.4.jar:/Users/sowmya.ganesh/.m2/repository/org/javassist/javassist/3.21.0-GA/javassist-3.21.0-GA.jar:/Users/sowmya.ganesh/.m2/repository/org/mockito/mockito-core/3.12.4/mockito-core-3.12.4.jar:/Users/sowmya.ganesh/.m2/repository/net/bytebuddy/byte-buddy/1.11.13/byte-buddy-1.11.13.jar:/Users/sowmya.ganesh/.m2/repository/net/bytebuddy/byte-buddy-agent/1.11.13/byte-buddy-agent-1.11.13.jar:/Users/sowmya.ganesh/.m2/repository/org/objenesis/objenesis/3.2/objenesis-3.2.jar:/Users/sowmya.ganesh/.m2/repository/io/quarkus/quarkus-junit5/2.4.1.Final/quarkus-junit5-2.4.1.Final.jar:/Users/sowmya.ganesh/.m2/repository/io/quarkus/quarkus-bootstrap-core/2.4.1.Final/quarkus-bootstrap-core-2.4.1.Final.jar:/Users/sowmya.ganesh/.m2/repository/io/quarkus/quarkus-bootstrap-app-model/2.4.1.Final/quarkus-bootstrap-app-model-2.4.1.Final.jar:/Users/sowmya.ganesh/.m2/repository/io/quarkus/quarkus-bootstrap-maven-resolver/2.4.1.Final/quarkus-bootstrap-maven-resolver-2.4.1.Final.jar:/Users/sowmya.ganesh/.m2/repository/org/apache/maven/maven-embedder/3.8.1/maven-embedder-3.8.1.jar:/Users/sowmya.ganesh/.m2/repository/commons-cli/commons-cli/1.4/commons-cli-1.4.jar:/Users/sowmya.ganesh/.m2/repository/org/apache/maven/resolver/maven-resolver-connector-basic/1.6.2/maven-resolver-connector-basic-1.6.2.jar:/Users/sowmya.ganesh/.m2/repository/org/apache/maven/resolver/maven-resolver-transport-wagon/1.6.2/maven-resolver-transport-wagon-1.6.2.jar:/Users/sowmya.ganesh/.m2/repository/org/apache/maven/wagon/wagon-http/3.4.3/wagon-http-3.4.3.jar:/Users/sowmya.ganesh/.m2/repository/org/apache/maven/wagon/wagon-http-shared/3.4.3/wagon-http-shared-3.4.3.jar:/Users/sowmya.ganesh/.m2/repository/org/jsoup/jsoup/1.12.1/jsoup-1.12.1.jar:/Users/sowmya.ganesh/.m2/repository/org/apache/maven/wagon/wagon-provider-api/3.4.3/wagon-provider-api-3.4.3.jar:/Users/sowmya.ganesh/.m2/repository/org/apache/maven/wagon/wagon-file/3.4.3/wagon-file-3.4.3.jar:/Users/sowmya.ganesh/.m2/repository/io/quarkus/quarkus-bootstrap-gradle-resolver/2.4.1.Final/quarkus-bootstrap-gradle-resolver-2.4.1.Final.jar:/Users/sowmya.ganesh/.m2/repository/io/smallrye/common/smallrye-common-io/1.6.0/smallrye-common-io-1.6.0.jar:/Users/sowmya.ganesh/.m2/repository/org/eclipse/sisu/org.eclipse.sisu.inject/0.3.4/org.eclipse.sisu.inject-0.3.4.jar:/Users/sowmya.ganesh/.m2/repository/io/quarkus/quarkus-test-common/2.4.1.Final/quarkus-test-common-2.4.1.Final.jar:/Users/sowmya.ganesh/.m2/repository/io/quarkus/quarkus-core-deployment/2.4.1.Final/quarkus-core-deployment-2.4.1.Final.jar:/Users/sowmya.ganesh/.m2/repository/org/aesh/readline/2.1/readline-2.1.jar:/Users/sowmya.ganesh/.m2/repository/org/fusesource/jansi/jansi/1.18/jansi-1.18.jar:/Users/sowmya.ganesh/.m2/repository/io/quarkus/gizmo/gizmo/1.0.9.Final/gizmo-1.0.9.Final.jar:/Users/sowmya.ganesh/.m2/repository/io/quarkus/quarkus-class-change-agent/2.4.1.Final/quarkus-class-change-agent-2.4.1.Final.jar:/Users/sowmya.ganesh/.m2/repository/io/quarkus/quarkus-devtools-utilities/2.4.1.Final/quarkus-devtools-utilities-2.4.1.Final.jar:/Users/sowmya.ganesh/.m2/repository/io/quarkus/quarkus-builder/2.4.1.Final/quarkus-builder-2.4.1.Final.jar:/Users/sowmya.ganesh/.m2/repository/org/junit/platform/junit-platform-launcher/1.8.1/junit-platform-launcher-1.8.1.jar:/Users/sowmya.ganesh/.m2/repository/io/quarkus/quarkus-jsonp-deployment/2.4.1.Final/quarkus-jsonp-deployment-2.4.1.Final.jar:/Users/sowmya.ganesh/.m2/repository/io/quarkus/quarkus-jsonp/2.4.1.Final/quarkus-jsonp-2.4.1.Final.jar:/Users/sowmya.ganesh/.m2/repository/org/glassfish/jakarta.json/1.1.6/jakarta.json-1.1.6.jar:/Users/sowmya.ganesh/.m2/repository/org/junit/jupiter/junit-jupiter/5.8.1/junit-jupiter-5.8.1.jar:/Users/sowmya.ganesh/.m2/repository/org/junit/jupiter/junit-jupiter-api/5.8.1/junit-jupiter-api-5.8.1.jar:/Users/sowmya.ganesh/.m2/repository/org/opentest4j/opentest4j/1.2.0/opentest4j-1.2.0.jar:/Users/sowmya.ganesh/.m2/repository/org/junit/platform/junit-platform-commons/1.8.1/junit-platform-commons-1.8.1.jar:/Users/sowmya.ganesh/.m2/repository/org/apiguardian/apiguardian-api/1.1.2/apiguardian-api-1.1.2.jar:/Users/sowmya.ganesh/.m2/repository/org/junit/jupiter/junit-jupiter-params/5.8.1/junit-jupiter-params-5.8.1.jar:/Users/sowmya.ganesh/.m2/repository/org/junit/jupiter/junit-jupiter-engine/5.8.1/junit-jupiter-engine-5.8.1.jar:/Users/sowmya.ganesh/.m2/repository/org/junit/platform/junit-platform-engine/1.8.1/junit-platform-engine-1.8.1.jar:/Users/sowmya.ganesh/.m2/repository/com/thoughtworks/xstream/xstream/1.4.18/xstream-1.4.18.jar:/Users/sowmya.ganesh/.m2/repository/io/github/x-stream/mxparser/1.2.2/mxparser-1.2.2.jar:/Users/sowmya.ganesh/.m2/repository/xmlpull/xmlpull/1.1.3.1/xmlpull-1.1.3.1.jar:/Users/sowmya.ganesh/.m2/repository/io/rest-assured/rest-assured/4.4.0/rest-assured-4.4.0.jar:/Users/sowmya.ganesh/.m2/repository/org/codehaus/groovy/groovy/3.0.8/groovy-3.0.8.jar:/Users/sowmya.ganesh/.m2/repository/org/codehaus/groovy/groovy-xml/3.0.8/groovy-xml-3.0.8.jar:/Users/sowmya.ganesh/.m2/repository/org/apache/httpcomponents/httpclient/4.5.13/httpclient-4.5.13.jar:/Users/sowmya.ganesh/.m2/repository/commons-codec/commons-codec/1.15/commons-codec-1.15.jar:/Users/sowmya.ganesh/.m2/repository/org/apache/httpcomponents/httpmime/4.5.13/httpmime-4.5.13.jar:/Users/sowmya.ganesh/.m2/repository/org/hamcrest/hamcrest/2.1/hamcrest-2.1.jar:/Users/sowmya.ganesh/.m2/repository/org/ccil/cowan/tagsoup/tagsoup/1.2.1/tagsoup-1.2.1.jar:/Users/sowmya.ganesh/.m2/repository/io/rest-assured/json-path/4.4.0/json-path-4.4.0.jar:/Users/sowmya.ganesh/.m2/repository/org/codehaus/groovy/groovy-json/3.0.8/groovy-json-3.0.8.jar:/Users/sowmya.ganesh/.m2/repository/io/rest-assured/rest-assured-common/4.4.0/rest-assured-common-4.4.0.jar:/Users/sowmya.ganesh/.m2/repository/io/rest-assured/xml-path/4.4.0/xml-path-4.4.0.jar:/Users/sowmya.ganesh/.m2/repository/jakarta/xml/bind/jakarta.xml.bind-api/2.3.3/jakarta.xml.bind-api-2.3.3.jar:/Users/sowmya.ganesh/.m2/repository/com/sun/xml/bind/jaxb-impl/2.3.3/jaxb-impl-2.3.3.jar:/Users/sowmya.ganesh/.m2/repository/org/acme/patient-onboarding-model/1.0.0-SNAPSHOT/patient-onboarding-model-1.0.0-SNAPSHOT.jar:"/>
    <property name="sun.cpu.endian" value="little"/>
    <property name="user.home" value="/Users/sowmya.ganesh"/>
    <property name="user.language" value="en"/>
    <property name="java.specification.vendor" value="Oracle Corporation"/>
    <property name="java.version.date" value="2023-01-17"/>
    <property name="java.home" value="/opt/homebrew/Cellar/openjdk/19.0.2/libexec/openjdk.jdk/Contents/Home"/>
    <property name="file.separator" value="/"/>
    <property name="basedir" value="/Users/sowmya.ganesh/Desktop/Project/temporal-patient-onboarding/onboarding-app"/>
    <property name="java.vm.compressedOopsMode" value="Zero based"/>
    <property name="line.separator" value="&#10;"/>
    <property name="java.vm.specification.vendor" value="Oracle Corporation"/>
    <property name="java.specification.name" value="Java Platform API Specification"/>
    <property name="apple.awt.application.name" value="ForkedBooter"/>
    <property name="surefire.real.class.path" value="/Users/sowmya.ganesh/Desktop/Project/temporal-patient-onboarding/onboarding-app/target/surefire/surefirebooter-20230310142810773_3.jar"/>
    <property name="sun.management.compiler" value="HotSpot 64-Bit Tiered Compilers"/>
    <property name="java.runtime.version" value="19.0.2"/>
    <property name="user.name" value="sowmya.ganesh"/>
    <property name="stdout.encoding" value="US-ASCII"/>
    <property name="path.separator" value=":"/>
    <property name="os.version" value="12.5"/>
    <property name="java.runtime.name" value="OpenJDK Runtime Environment"/>
    <property name="file.encoding" value="UTF-8"/>
    <property name="java.vm.name" value="OpenJDK 64-Bit Server VM"/>
    <property name="java.vendor.version" value="Homebrew"/>
    <property name="localRepository" value="/Users/sowmya.ganesh/.m2/repository"/>
    <property name="java.vendor.url.bug" value="https://github.com/Homebrew/homebrew-core/issues"/>
    <property name="java.io.tmpdir" value="/var/folders/h5/5mtz7kvx5m38fmc5g1jvh3v00000gq/T/"/>
    <property name="java.version" value="19.0.2"/>
    <property name="user.dir" value="/Users/sowmya.ganesh/Desktop/Project/temporal-patient-onboarding/onboarding-app"/>
    <property name="os.arch" value="aarch64"/>
    <property name="java.vm.specification.name" value="Java Virtual Machine Specification"/>
    <property name="native.encoding" value="US-ASCII"/>
    <property name="java.util.logging.manager" value="org.jboss.logmanager.LogManager"/>
    <property name="java.library.path" value="/Users/sowmya.ganesh/Library/Java/Extensions:/Library/Java/Extensions:/Network/Library/Java/Extensions:/System/Library/Java/Extensions:/usr/lib/java:."/>
    <property name="java.vm.info" value="mixed mode, sharing"/>
    <property name="stderr.encoding" value="US-ASCII"/>
    <property name="java.vendor" value="Homebrew"/>
    <property name="java.vm.version" value="19.0.2"/>
    <property name="sun.io.unicode.encoding" value="UnicodeBig"/>
    <property name="java.class.version" value="63.0"/>
  </properties>
  <testcase name="testMockedPatientOnboarding" classname="org.acme.patient.onboarding.PatientOnboardingTest" time="0.033">
    <error type="java.lang.ExceptionInInitializerError"><![CDATA[java.lang.ExceptionInInitializerError
	at org.mockito.cglib.core.KeyFactory$Generator.generateClass(KeyFactory.java:167)
	at org.mockito.cglib.core.DefaultGeneratorStrategy.generate(DefaultGeneratorStrategy.java:25)
	at org.mockito.cglib.core.AbstractClassGenerator.create(AbstractClassGenerator.java:217)
	at org.mockito.cglib.core.KeyFactory$Generator.create(KeyFactory.java:145)
	at org.mockito.cglib.core.KeyFactory.create(KeyFactory.java:117)
	at org.mockito.cglib.core.KeyFactory.create(KeyFactory.java:109)
	at org.mockito.cglib.core.KeyFactory.create(KeyFactory.java:105)
	at org.mockito.cglib.proxy.Enhancer.<clinit>(Enhancer.java:70)
	at org.powermock.api.mockito.repackaged.ClassImposterizer.createProxyClass(ClassImposterizer.java:101)
	at org.powermock.api.mockito.repackaged.ClassImposterizer.imposterise(ClassImposterizer.java:63)
	at org.powermock.api.mockito.repackaged.ClassImposterizer.imposterise(ClassImposterizer.java:55)
	at org.powermock.api.mockito.repackaged.CglibMockMaker.createMock(CglibMockMaker.java:25)
	at org.powermock.api.mockito.internal.mockmaker.PowerMockMaker.createMock(PowerMockMaker.java:47)
	at org.mockito.internal.util.MockUtil.createMock(MockUtil.java:33)
	at org.mockito.internal.MockitoCore.mock(MockitoCore.java:59)
	at org.mockito.Mockito.mock(Mockito.java:1285)
	at org.mockito.Mockito.mock(Mockito.java:1163)
	at org.acme.patient.onboarding.PatientOnboardingTest.testMockedPatientOnboarding(PatientOnboardingTest.java:44)
	at java.base/jdk.internal.reflect.DirectMethodHandleAccessor.invoke(DirectMethodHandleAccessor.java:104)
	at java.base/java.lang.reflect.Method.invoke(Method.java:578)
	at org.junit.platform.commons.util.ReflectionUtils.invokeMethod(ReflectionUtils.java:725)
	at org.junit.jupiter.engine.execution.MethodInvocation.proceed(MethodInvocation.java:60)
	at org.junit.jupiter.engine.execution.InvocationInterceptorChain$ValidatingInvocation.proceed(InvocationInterceptorChain.java:131)
	at org.junit.jupiter.engine.extension.TimeoutExtension.intercept(TimeoutExtension.java:149)
	at org.junit.jupiter.engine.extension.TimeoutExtension.interceptTestableMethod(TimeoutExtension.java:140)
	at org.junit.jupiter.engine.extension.TimeoutExtension.interceptTestMethod(TimeoutExtension.java:84)
	at org.junit.jupiter.engine.execution.ExecutableInvoker$ReflectiveInterceptorCall.lambda$ofVoidMethod$0(ExecutableInvoker.java:115)
	at org.junit.jupiter.engine.execution.ExecutableInvoker.lambda$invoke$0(ExecutableInvoker.java:105)
	at org.junit.jupiter.engine.execution.InvocationInterceptorChain$InterceptedInvocation.proceed(InvocationInterceptorChain.java:106)
	at org.junit.jupiter.engine.execution.InvocationInterceptorChain.proceed(InvocationInterceptorChain.java:64)
	at org.junit.jupiter.engine.execution.InvocationInterceptorChain.chainAndInvoke(InvocationInterceptorChain.java:45)
	at org.junit.jupiter.engine.execution.InvocationInterceptorChain.invoke(InvocationInterceptorChain.java:37)
	at org.junit.jupiter.engine.execution.ExecutableInvoker.invoke(ExecutableInvoker.java:104)
	at org.junit.jupiter.engine.execution.ExecutableInvoker.invoke(ExecutableInvoker.java:98)
	at org.junit.jupiter.engine.descriptor.TestMethodTestDescriptor.lambda$invokeTestMethod$7(TestMethodTestDescriptor.java:214)
	at org.junit.platform.engine.support.hierarchical.ThrowableCollector.execute(ThrowableCollector.java:73)
	at org.junit.jupiter.engine.descriptor.TestMethodTestDescriptor.invokeTestMethod(TestMethodTestDescriptor.java:210)
	at org.junit.jupiter.engine.descriptor.TestMethodTestDescriptor.execute(TestMethodTestDescriptor.java:135)
	at org.junit.jupiter.engine.descriptor.TestMethodTestDescriptor.execute(TestMethodTestDescriptor.java:66)
	at org.junit.platform.engine.support.hierarchical.NodeTestTask.lambda$executeRecursively$6(NodeTestTask.java:151)
	at org.junit.platform.engine.support.hierarchical.ThrowableCollector.execute(ThrowableCollector.java:73)
	at org.junit.platform.engine.support.hierarchical.NodeTestTask.lambda$executeRecursively$8(NodeTestTask.java:141)
	at org.junit.platform.engine.support.hierarchical.Node.around(Node.java:137)
	at org.junit.platform.engine.support.hierarchical.NodeTestTask.lambda$executeRecursively$9(NodeTestTask.java:139)
	at org.junit.platform.engine.support.hierarchical.ThrowableCollector.execute(ThrowableCollector.java:73)
	at org.junit.platform.engine.support.hierarchical.NodeTestTask.executeRecursively(NodeTestTask.java:138)
	at org.junit.platform.engine.support.hierarchical.NodeTestTask.execute(NodeTestTask.java:95)
	at java.base/java.util.ArrayList.forEach(ArrayList.java:1511)
	at org.junit.platform.engine.support.hierarchical.SameThreadHierarchicalTestExecutorService.invokeAll(SameThreadHierarchicalTestExecutorService.java:41)
	at org.junit.platform.engine.support.hierarchical.NodeTestTask.lambda$executeRecursively$6(NodeTestTask.java:155)
	at org.junit.platform.engine.support.hierarchical.ThrowableCollector.execute(ThrowableCollector.java:73)
	at org.junit.platform.engine.support.hierarchical.NodeTestTask.lambda$executeRecursively$8(NodeTestTask.java:141)
	at org.junit.platform.engine.support.hierarchical.Node.around(Node.java:137)
	at org.junit.platform.engine.support.hierarchical.NodeTestTask.lambda$executeRecursively$9(NodeTestTask.java:139)
	at org.junit.platform.engine.support.hierarchical.ThrowableCollector.execute(ThrowableCollector.java:73)
	at org.junit.platform.engine.support.hierarchical.NodeTestTask.executeRecursively(NodeTestTask.java:138)
	at org.junit.platform.engine.support.hierarchical.NodeTestTask.execute(NodeTestTask.java:95)
	at java.base/java.util.ArrayList.forEach(ArrayList.java:1511)
	at org.junit.platform.engine.support.hierarchical.SameThreadHierarchicalTestExecutorService.invokeAll(SameThreadHierarchicalTestExecutorService.java:41)
	at org.junit.platform.engine.support.hierarchical.NodeTestTask.lambda$executeRecursively$6(NodeTestTask.java:155)
	at org.junit.platform.engine.support.hierarchical.ThrowableCollector.execute(ThrowableCollector.java:73)
	at org.junit.platform.engine.support.hierarchical.NodeTestTask.lambda$executeRecursively$8(NodeTestTask.java:141)
	at org.junit.platform.engine.support.hierarchical.Node.around(Node.java:137)
	at org.junit.platform.engine.support.hierarchical.NodeTestTask.lambda$executeRecursively$9(NodeTestTask.java:139)
	at org.junit.platform.engine.support.hierarchical.ThrowableCollector.execute(ThrowableCollector.java:73)
	at org.junit.platform.engine.support.hierarchical.NodeTestTask.executeRecursively(NodeTestTask.java:138)
	at org.junit.platform.engine.support.hierarchical.NodeTestTask.execute(NodeTestTask.java:95)
	at org.junit.platform.engine.support.hierarchical.SameThreadHierarchicalTestExecutorService.submit(SameThreadHierarchicalTestExecutorService.java:35)
	at org.junit.platform.engine.support.hierarchical.HierarchicalTestExecutor.execute(HierarchicalTestExecutor.java:57)
	at org.junit.platform.engine.support.hierarchical.HierarchicalTestEngine.execute(HierarchicalTestEngine.java:54)
	at org.junit.platform.launcher.core.EngineExecutionOrchestrator.execute(EngineExecutionOrchestrator.java:107)
	at org.junit.platform.launcher.core.EngineExecutionOrchestrator.execute(EngineExecutionOrchestrator.java:88)
	at org.junit.platform.launcher.core.EngineExecutionOrchestrator.lambda$execute$0(EngineExecutionOrchestrator.java:54)
	at org.junit.platform.launcher.core.EngineExecutionOrchestrator.withInterceptedStreams(EngineExecutionOrchestrator.java:67)
	at org.junit.platform.launcher.core.EngineExecutionOrchestrator.execute(EngineExecutionOrchestrator.java:52)
	at org.junit.platform.launcher.core.DefaultLauncher.execute(DefaultLauncher.java:114)
	at org.junit.platform.launcher.core.DefaultLauncher.execute(DefaultLauncher.java:86)
	at org.junit.platform.launcher.core.DefaultLauncherSession$DelegatingLauncher.execute(DefaultLauncherSession.java:86)
	at org.apache.maven.surefire.junitplatform.LazyLauncher.execute(LazyLauncher.java:55)
	at org.apache.maven.surefire.junitplatform.JUnitPlatformProvider.execute(JUnitPlatformProvider.java:223)
	at org.apache.maven.surefire.junitplatform.JUnitPlatformProvider.invokeAllTests(JUnitPlatformProvider.java:175)
	at org.apache.maven.surefire.junitplatform.JUnitPlatformProvider.invoke(JUnitPlatformProvider.java:139)
	at org.apache.maven.surefire.booter.ForkedBooter.runSuitesInProcess(ForkedBooter.java:456)
	at org.apache.maven.surefire.booter.ForkedBooter.execute(ForkedBooter.java:169)
	at org.apache.maven.surefire.booter.ForkedBooter.run(ForkedBooter.java:595)
	at org.apache.maven.surefire.booter.ForkedBooter.main(ForkedBooter.java:581)
Caused by: java.lang.reflect.InaccessibleObjectException: Unable to make protected final java.lang.Class java.lang.ClassLoader.defineClass(java.lang.String,byte[],int,int,java.security.ProtectionDomain) throws java.lang.ClassFormatError accessible: module java.base does not "opens java.lang" to unnamed module @5db54e92
	at java.base/java.lang.reflect.AccessibleObject.throwInaccessibleObjectException(AccessibleObject.java:387)
	at java.base/java.lang.reflect.AccessibleObject.checkCanSetAccessible(AccessibleObject.java:363)
	at java.base/java.lang.reflect.AccessibleObject.checkCanSetAccessible(AccessibleObject.java:311)
	at java.base/java.lang.reflect.Method.checkCanSetAccessible(Method.java:201)
	at java.base/java.lang.reflect.Method.setAccessible(Method.java:195)
	at org.mockito.cglib.core.ReflectUtils$2.run(ReflectUtils.java:57)
	at java.base/java.security.AccessController.doPrivileged(AccessController.java:318)
	at org.mockito.cglib.core.ReflectUtils.<clinit>(ReflectUtils.java:47)
	... 86 more
]]></error>
  </testcase>
</testsuite>