<?xml version="1.0" encoding="UTF-8"?>
<testsuite name="org.example.UnitTestTest" tests="1" skipped="0" failures="0" errors="0" timestamp="2023-03-22T12:11:37" hostname="CALTM01113.local" time="0.008">
  <properties/>
  <testcase name="test()" classname="org.example.UnitTestTest" time="0.008"/>
  <system-out><![CDATA[****** Assigning the values ************
]]></system-out>
  <system-err><![CDATA[]]></system-err>
</testsuite>
